2023-01-14 15:26:57,587 [Worker-5: Loading available Gradle versions] INFO  o.e.b.c.i.u.g.PublishedGradleVersions - Gradle version information cache is up-to-date. Trying to read.
2023-01-14 15:27:22,382 [Worker-5: Loading available Gradle versions] INFO  o.e.b.c.i.u.g.PublishedGradleVersions - Gradle version information cache is up-to-date. Trying to read.
2023-01-14 15:28:59,205 [Worker-4: Creating project "ShopmeProject"] INFO  o.e.m.c.i.l.LifecycleMappingFactory - Using NULL lifecycle mapping for MavenProject: com.shopme:ShopmeProject:0.0.1-SNAPSHOT @ /media/albert/MyDisk4/moreCodes/GitHub/JavaClean/ShopmeEcommerce/ShopmeProject/pom.xml.
2023-01-14 15:31:47,038 [Worker-7: Import Getting Started Content] INFO  o.e.m.c.i.l.LifecycleMappingFactory - Using org.eclipse.m2e.jdt.JarLifecycleMapping lifecycle mapping for MavenProject: com.shopme:ShopmeCommon:0.0.1-SNAPSHOT @ /media/albert/MyDisk4/moreCodes/GitHub/JavaClean/ShopmeEcommerce/ShopmeProject/ShopmeCommon/pom.xml.
2023-01-14 15:31:47,658 [Worker-7: Import Getting Started Content] INFO  o.e.m.j.i.AbstractJavaProjectConfigurator - Adding source folder /ShopmeCommon/src/main/java
2023-01-14 15:31:47,658 [Worker-7: Import Getting Started Content] INFO  o.e.m.j.i.AbstractJavaProjectConfigurator - Adding resource folder /ShopmeCommon/src/main/resources
2023-01-14 15:31:47,659 [Worker-7: Import Getting Started Content] INFO  o.e.m.j.i.AbstractJavaProjectConfigurator - Adding resource folder /ShopmeCommon/src/main/resources
2023-01-14 15:31:47,661 [Worker-7: Import Getting Started Content] INFO  o.e.m.j.i.AbstractJavaProjectConfigurator - Adding source folder /ShopmeCommon/src/test/java
2023-01-14 15:31:48,389 [Worker-7: Import Getting Started Content] ERROR o.e.m.j.i.AbstractJavaProjectConfigurator - Failed to find a compatible VM for environment id 'JavaSE-19', falling back to workspace default
2023-01-14 15:31:49,094 [Worker-7: Import Getting Started Content] INFO  o.e.m.c.i.p.ProjectConfigurationManager - Imported and configured 1 project(s) in 2 sec
2023-01-14 15:31:49,097 [Worker-7: Import Getting Started Content] INFO  o.e.m.c.i.p.ProjectConfigurationManager - Update started
2023-01-14 15:31:49,251 [Worker-7: Import Getting Started Content] INFO  o.e.m.c.i.l.LifecycleMappingFactory - Using org.eclipse.m2e.jdt.JarLifecycleMapping lifecycle mapping for MavenProject: com.shopme:ShopmeCommon:0.0.1-SNAPSHOT @ /media/albert/MyDisk4/moreCodes/GitHub/JavaClean/ShopmeEcommerce/ShopmeProject/ShopmeCommon/pom.xml.
2023-01-14 15:31:49,433 [Worker-7: Import Getting Started Content] INFO  o.e.m.j.i.AbstractJavaProjectConfigurator - Adding source folder /ShopmeCommon/src/main/java
2023-01-14 15:31:49,433 [Worker-7: Import Getting Started Content] INFO  o.e.m.j.i.AbstractJavaProjectConfigurator - Adding resource folder /ShopmeCommon/src/main/resources
2023-01-14 15:31:49,433 [Worker-7: Import Getting Started Content] INFO  o.e.m.j.i.AbstractJavaProjectConfigurator - Adding resource folder /ShopmeCommon/src/main/resources
2023-01-14 15:31:49,434 [Worker-7: Import Getting Started Content] INFO  o.e.m.j.i.AbstractJavaProjectConfigurator - Adding source folder /ShopmeCommon/src/test/java
2023-01-14 15:31:49,434 [Worker-7: Import Getting Started Content] ERROR o.e.m.j.i.AbstractJavaProjectConfigurator - Failed to find a compatible VM for environment id 'JavaSE-19', falling back to workspace default
2023-01-14 15:31:49,868 [Worker-7: Import Getting Started Content] INFO  o.e.m.c.i.p.ProjectConfigurationManager - Update completed for 1 poms: local refresh takes 0.00 sec, refresh facades takes 0.00 sec, update config takes 0.00 sec 
2023-01-14 15:32:46,318 [Worker-6: Launching Executing install in _media_albert_MyDisk4_moreCodes_GitHub_JavaClean_ShopmeEcommerce_ShopmeProject] INFO  o.eclipse.m2e.core.internal.Bundles - getClasspathEntries(Bundle=org.eclipse.m2e.maven.runtime_3.8.604.20221130-2149 [339])
2023-01-14 15:32:46,321 [Worker-6: Launching Executing install in _media_albert_MyDisk4_moreCodes_GitHub_JavaClean_ShopmeEcommerce_ShopmeProject] INFO  o.eclipse.m2e.core.internal.Bundles - 	Entry: /opt/sts-4.17.1.RELEASE/plugins/org.eclipse.m2e.maven.runtime_3.8.604.20221130-2149
2023-01-14 15:32:46,321 [Worker-6: Launching Executing install in _media_albert_MyDisk4_moreCodes_GitHub_JavaClean_ShopmeEcommerce_ShopmeProject] INFO  o.eclipse.m2e.core.internal.Bundles - 	Entry: /opt/sts-4.17.1.RELEASE/plugins/org.eclipse.m2e.maven.runtime_3.8.604.20221130-2149/jars/aether-connector-okhttp-0.17.8.jar
2023-01-14 15:32:46,321 [Worker-6: Launching Executing install in _media_albert_MyDisk4_moreCodes_GitHub_JavaClean_ShopmeEcommerce_ShopmeProject] INFO  o.eclipse.m2e.core.internal.Bundles - 	Entry: /opt/sts-4.17.1.RELEASE/plugins/org.eclipse.m2e.maven.runtime_3.8.604.20221130-2149/jars/commons-cli-1.4.jar
2023-01-14 15:32:46,321 [Worker-6: Launching Executing install in _media_albert_MyDisk4_moreCodes_GitHub_JavaClean_ShopmeEcommerce_ShopmeProject] INFO  o.eclipse.m2e.core.internal.Bundles - 	Entry: /opt/sts-4.17.1.RELEASE/plugins/org.eclipse.m2e.maven.runtime_3.8.604.20221130-2149/jars/commons-io-2.6.jar
2023-01-14 15:32:46,321 [Worker-6: Launching Executing install in _media_albert_MyDisk4_moreCodes_GitHub_JavaClean_ShopmeEcommerce_ShopmeProject] INFO  o.eclipse.m2e.core.internal.Bundles - 	Entry: /opt/sts-4.17.1.RELEASE/plugins/org.eclipse.m2e.maven.runtime_3.8.604.20221130-2149/jars/commons-lang3-3.8.1.jar
2023-01-14 15:32:46,321 [Worker-6: Launching Executing install in _media_albert_MyDisk4_moreCodes_GitHub_JavaClean_ShopmeEcommerce_ShopmeProject] INFO  o.eclipse.m2e.core.internal.Bundles - 	Entry: /opt/sts-4.17.1.RELEASE/plugins/org.eclipse.m2e.maven.runtime_3.8.604.20221130-2149/jars/guice-4.2.2-no_aop.jar
2023-01-14 15:32:46,321 [Worker-6: Launching Executing install in _media_albert_MyDisk4_moreCodes_GitHub_JavaClean_ShopmeEcommerce_ShopmeProject] INFO  o.eclipse.m2e.core.internal.Bundles - 	Entry: /opt/sts-4.17.1.RELEASE/plugins/org.eclipse.m2e.maven.runtime_3.8.604.20221130-2149/jars/jansi-2.4.0.jar
2023-01-14 15:32:46,321 [Worker-6: Launching Executing install in _media_albert_MyDisk4_moreCodes_GitHub_JavaClean_ShopmeEcommerce_ShopmeProject] INFO  o.eclipse.m2e.core.internal.Bundles - 	Entry: /opt/sts-4.17.1.RELEASE/plugins/org.eclipse.m2e.maven.runtime_3.8.604.20221130-2149/jars/maven-artifact-3.8.6.jar
2023-01-14 15:32:46,321 [Worker-6: Launching Executing install in _media_albert_MyDisk4_moreCodes_GitHub_JavaClean_ShopmeEcommerce_ShopmeProject] INFO  o.eclipse.m2e.core.internal.Bundles - 	Entry: /opt/sts-4.17.1.RELEASE/plugins/org.eclipse.m2e.maven.runtime_3.8.604.20221130-2149/jars/maven-builder-support-3.8.6.jar
2023-01-14 15:32:46,321 [Worker-6: Launching Executing install in _media_albert_MyDisk4_moreCodes_GitHub_JavaClean_ShopmeEcommerce_ShopmeProject] INFO  o.eclipse.m2e.core.internal.Bundles - 	Entry: /opt/sts-4.17.1.RELEASE/plugins/org.eclipse.m2e.maven.runtime_3.8.604.20221130-2149/jars/maven-compat-3.8.6.jar
2023-01-14 15:32:46,321 [Worker-6: Launching Executing install in _media_albert_MyDisk4_moreCodes_GitHub_JavaClean_ShopmeEcommerce_ShopmeProject] INFO  o.eclipse.m2e.core.internal.Bundles - 	Entry: /opt/sts-4.17.1.RELEASE/plugins/org.eclipse.m2e.maven.runtime_3.8.604.20221130-2149/jars/maven-core-3.8.6.jar
2023-01-14 15:32:46,322 [Worker-6: Launching Executing install in _media_albert_MyDisk4_moreCodes_GitHub_JavaClean_ShopmeEcommerce_ShopmeProject] INFO  o.eclipse.m2e.core.internal.Bundles - 	Entry: /opt/sts-4.17.1.RELEASE/plugins/org.eclipse.m2e.maven.runtime_3.8.604.20221130-2149/jars/maven-embedder-3.8.6.jar
2023-01-14 15:32:46,322 [Worker-6: Launching Executing install in _media_albert_MyDisk4_moreCodes_GitHub_JavaClean_ShopmeEcommerce_ShopmeProject] INFO  o.eclipse.m2e.core.internal.Bundles - 	Entry: /opt/sts-4.17.1.RELEASE/plugins/org.eclipse.m2e.maven.runtime_3.8.604.20221130-2149/jars/maven-model-3.8.6.jar
2023-01-14 15:32:46,322 [Worker-6: Launching Executing install in _media_albert_MyDisk4_moreCodes_GitHub_JavaClean_ShopmeEcommerce_ShopmeProject] INFO  o.eclipse.m2e.core.internal.Bundles - 	Entry: /opt/sts-4.17.1.RELEASE/plugins/org.eclipse.m2e.maven.runtime_3.8.604.20221130-2149/jars/maven-model-builder-3.8.6.jar
2023-01-14 15:32:46,322 [Worker-6: Launching Executing install in _media_albert_MyDisk4_moreCodes_GitHub_JavaClean_ShopmeEcommerce_ShopmeProject] INFO  o.eclipse.m2e.core.internal.Bundles - 	Entry: /opt/sts-4.17.1.RELEASE/plugins/org.eclipse.m2e.maven.runtime_3.8.604.20221130-2149/jars/maven-plugin-api-3.8.6.jar
2023-01-14 15:32:46,322 [Worker-6: Launching Executing install in _media_albert_MyDisk4_moreCodes_GitHub_JavaClean_ShopmeEcommerce_ShopmeProject] INFO  o.eclipse.m2e.core.internal.Bundles - 	Entry: /opt/sts-4.17.1.RELEASE/plugins/org.eclipse.m2e.maven.runtime_3.8.604.20221130-2149/jars/maven-repository-metadata-3.8.6.jar
2023-01-14 15:32:46,322 [Worker-6: Launching Executing install in _media_albert_MyDisk4_moreCodes_GitHub_JavaClean_ShopmeEcommerce_ShopmeProject] INFO  o.eclipse.m2e.core.internal.Bundles - 	Entry: /opt/sts-4.17.1.RELEASE/plugins/org.eclipse.m2e.maven.runtime_3.8.604.20221130-2149/jars/maven-resolver-api-1.6.3.jar
2023-01-14 15:32:46,322 [Worker-6: Launching Executing install in _media_albert_MyDisk4_moreCodes_GitHub_JavaClean_ShopmeEcommerce_ShopmeProject] INFO  o.eclipse.m2e.core.internal.Bundles - 	Entry: /opt/sts-4.17.1.RELEASE/plugins/org.eclipse.m2e.maven.runtime_3.8.604.20221130-2149/jars/maven-resolver-connector-basic-1.6.3.jar
2023-01-14 15:32:46,322 [Worker-6: Launching Executing install in _media_albert_MyDisk4_moreCodes_GitHub_JavaClean_ShopmeEcommerce_ShopmeProject] INFO  o.eclipse.m2e.core.internal.Bundles - 	Entry: /opt/sts-4.17.1.RELEASE/plugins/org.eclipse.m2e.maven.runtime_3.8.604.20221130-2149/jars/maven-resolver-impl-1.6.3.jar
2023-01-14 15:32:46,322 [Worker-6: Launching Executing install in _media_albert_MyDisk4_moreCodes_GitHub_JavaClean_ShopmeEcommerce_ShopmeProject] INFO  o.eclipse.m2e.core.internal.Bundles - 	Entry: /opt/sts-4.17.1.RELEASE/plugins/org.eclipse.m2e.maven.runtime_3.8.604.20221130-2149/jars/maven-resolver-provider-3.8.6.jar
2023-01-14 15:32:46,322 [Worker-6: Launching Executing install in _media_albert_MyDisk4_moreCodes_GitHub_JavaClean_ShopmeEcommerce_ShopmeProject] INFO  o.eclipse.m2e.core.internal.Bundles - 	Entry: /opt/sts-4.17.1.RELEASE/plugins/org.eclipse.m2e.maven.runtime_3.8.604.20221130-2149/jars/maven-resolver-spi-1.6.3.jar
2023-01-14 15:32:46,322 [Worker-6: Launching Executing install in _media_albert_MyDisk4_moreCodes_GitHub_JavaClean_ShopmeEcommerce_ShopmeProject] INFO  o.eclipse.m2e.core.internal.Bundles - 	Entry: /opt/sts-4.17.1.RELEASE/plugins/org.eclipse.m2e.maven.runtime_3.8.604.20221130-2149/jars/maven-resolver-transport-wagon-1.6.3.jar
2023-01-14 15:32:46,322 [Worker-6: Launching Executing install in _media_albert_MyDisk4_moreCodes_GitHub_JavaClean_ShopmeEcommerce_ShopmeProject] INFO  o.eclipse.m2e.core.internal.Bundles - 	Entry: /opt/sts-4.17.1.RELEASE/plugins/org.eclipse.m2e.maven.runtime_3.8.604.20221130-2149/jars/maven-resolver-util-1.6.3.jar
2023-01-14 15:32:46,322 [Worker-6: Launching Executing install in _media_albert_MyDisk4_moreCodes_GitHub_JavaClean_ShopmeEcommerce_ShopmeProject] INFO  o.eclipse.m2e.core.internal.Bundles - 	Entry: /opt/sts-4.17.1.RELEASE/plugins/org.eclipse.m2e.maven.runtime_3.8.604.20221130-2149/jars/maven-settings-3.8.6.jar
2023-01-14 15:32:46,322 [Worker-6: Launching Executing install in _media_albert_MyDisk4_moreCodes_GitHub_JavaClean_ShopmeEcommerce_ShopmeProject] INFO  o.eclipse.m2e.core.internal.Bundles - 	Entry: /opt/sts-4.17.1.RELEASE/plugins/org.eclipse.m2e.maven.runtime_3.8.604.20221130-2149/jars/maven-settings-builder-3.8.6.jar
2023-01-14 15:32:46,322 [Worker-6: Launching Executing install in _media_albert_MyDisk4_moreCodes_GitHub_JavaClean_ShopmeEcommerce_ShopmeProject] INFO  o.eclipse.m2e.core.internal.Bundles - 	Entry: /opt/sts-4.17.1.RELEASE/plugins/org.eclipse.m2e.maven.runtime_3.8.604.20221130-2149/jars/maven-shared-utils-3.3.4.jar
2023-01-14 15:32:46,322 [Worker-6: Launching Executing install in _media_albert_MyDisk4_moreCodes_GitHub_JavaClean_ShopmeEcommerce_ShopmeProject] INFO  o.eclipse.m2e.core.internal.Bundles - 	Entry: /opt/sts-4.17.1.RELEASE/plugins/org.eclipse.m2e.maven.runtime_3.8.604.20221130-2149/jars/okhttp-3.14.1.jar
2023-01-14 15:32:46,322 [Worker-6: Launching Executing install in _media_albert_MyDisk4_moreCodes_GitHub_JavaClean_ShopmeEcommerce_ShopmeProject] INFO  o.eclipse.m2e.core.internal.Bundles - 	Entry: /opt/sts-4.17.1.RELEASE/plugins/org.eclipse.m2e.maven.runtime_3.8.604.20221130-2149/jars/okio-1.17.3.jar
2023-01-14 15:32:46,322 [Worker-6: Launching Executing install in _media_albert_MyDisk4_moreCodes_GitHub_JavaClean_ShopmeEcommerce_ShopmeProject] INFO  o.eclipse.m2e.core.internal.Bundles - 	Entry: /opt/sts-4.17.1.RELEASE/plugins/org.eclipse.m2e.maven.runtime_3.8.604.20221130-2149/jars/org.eclipse.sisu.inject-0.3.5.jar
2023-01-14 15:32:46,322 [Worker-6: Launching Executing install in _media_albert_MyDisk4_moreCodes_GitHub_JavaClean_ShopmeEcommerce_ShopmeProject] INFO  o.eclipse.m2e.core.internal.Bundles - 	Entry: /opt/sts-4.17.1.RELEASE/plugins/org.eclipse.m2e.maven.runtime_3.8.604.20221130-2149/jars/org.eclipse.sisu.plexus-0.3.5.jar
2023-01-14 15:32:46,322 [Worker-6: Launching Executing install in _media_albert_MyDisk4_moreCodes_GitHub_JavaClean_ShopmeEcommerce_ShopmeProject] INFO  o.eclipse.m2e.core.internal.Bundles - 	Entry: /opt/sts-4.17.1.RELEASE/plugins/org.eclipse.m2e.maven.runtime_3.8.604.20221130-2149/jars/plexus-build-api-0.0.7.jar
2023-01-14 15:32:46,322 [Worker-6: Launching Executing install in _media_albert_MyDisk4_moreCodes_GitHub_JavaClean_ShopmeEcommerce_ShopmeProject] INFO  o.eclipse.m2e.core.internal.Bundles - 	Entry: /opt/sts-4.17.1.RELEASE/plugins/org.eclipse.m2e.maven.runtime_3.8.604.20221130-2149/jars/plexus-cipher-2.0.jar
2023-01-14 15:32:46,322 [Worker-6: Launching Executing install in _media_albert_MyDisk4_moreCodes_GitHub_JavaClean_ShopmeEcommerce_ShopmeProject] INFO  o.eclipse.m2e.core.internal.Bundles - 	Entry: /opt/sts-4.17.1.RELEASE/plugins/org.eclipse.m2e.maven.runtime_3.8.604.20221130-2149/jars/plexus-classworlds-2.6.0.jar
2023-01-14 15:32:46,322 [Worker-6: Launching Executing install in _media_albert_MyDisk4_moreCodes_GitHub_JavaClean_ShopmeEcommerce_ShopmeProject] INFO  o.eclipse.m2e.core.internal.Bundles - 	Entry: /opt/sts-4.17.1.RELEASE/plugins/org.eclipse.m2e.maven.runtime_3.8.604.20221130-2149/jars/plexus-component-annotations-2.1.0.jar
2023-01-14 15:32:46,322 [Worker-6: Launching Executing install in _media_albert_MyDisk4_moreCodes_GitHub_JavaClean_ShopmeEcommerce_ShopmeProject] INFO  o.eclipse.m2e.core.internal.Bundles - 	Entry: /opt/sts-4.17.1.RELEASE/plugins/org.eclipse.m2e.maven.runtime_3.8.604.20221130-2149/jars/plexus-interpolation-1.26.jar
2023-01-14 15:32:46,323 [Worker-6: Launching Executing install in _media_albert_MyDisk4_moreCodes_GitHub_JavaClean_ShopmeEcommerce_ShopmeProject] INFO  o.eclipse.m2e.core.internal.Bundles - 	Entry: /opt/sts-4.17.1.RELEASE/plugins/org.eclipse.m2e.maven.runtime_3.8.604.20221130-2149/jars/plexus-sec-dispatcher-2.0.jar
2023-01-14 15:32:46,323 [Worker-6: Launching Executing install in _media_albert_MyDisk4_moreCodes_GitHub_JavaClean_ShopmeEcommerce_ShopmeProject] INFO  o.eclipse.m2e.core.internal.Bundles - 	Entry: /opt/sts-4.17.1.RELEASE/plugins/org.eclipse.m2e.maven.runtime_3.8.604.20221130-2149/jars/plexus-utils-3.3.1.jar
2023-01-14 15:32:46,323 [Worker-6: Launching Executing install in _media_albert_MyDisk4_moreCodes_GitHub_JavaClean_ShopmeEcommerce_ShopmeProject] INFO  o.eclipse.m2e.core.internal.Bundles - 	Entry: /opt/sts-4.17.1.RELEASE/plugins/org.eclipse.m2e.maven.runtime_3.8.604.20221130-2149/jars/wagon-file-3.5.1.jar
2023-01-14 15:32:46,323 [Worker-6: Launching Executing install in _media_albert_MyDisk4_moreCodes_GitHub_JavaClean_ShopmeEcommerce_ShopmeProject] INFO  o.eclipse.m2e.core.internal.Bundles - 	Entry: /opt/sts-4.17.1.RELEASE/plugins/org.eclipse.m2e.maven.runtime_3.8.604.20221130-2149/jars/wagon-provider-api-3.5.1.jar
2023-01-14 15:32:46,324 [Worker-6: Launching Executing install in _media_albert_MyDisk4_moreCodes_GitHub_JavaClean_ShopmeEcommerce_ShopmeProject] INFO  o.eclipse.m2e.core.internal.Bundles - getClasspathEntries(Bundle=com.google.guava_30.1.0.v20221112-0806 [22])
2023-01-14 15:32:46,325 [Worker-6: Launching Executing install in _media_albert_MyDisk4_moreCodes_GitHub_JavaClean_ShopmeEcommerce_ShopmeProject] INFO  o.eclipse.m2e.core.internal.Bundles - 	Entry: /opt/sts-4.17.1.RELEASE/plugins/com.google.guava_30.1.0.v20221112-0806.jar
2023-01-14 15:32:46,325 [Worker-6: Launching Executing install in _media_albert_MyDisk4_moreCodes_GitHub_JavaClean_ShopmeEcommerce_ShopmeProject] INFO  o.eclipse.m2e.core.internal.Bundles - getClasspathEntries(Bundle=slf4j.api_1.7.36 [577])
2023-01-14 15:32:46,325 [Worker-6: Launching Executing install in _media_albert_MyDisk4_moreCodes_GitHub_JavaClean_ShopmeEcommerce_ShopmeProject] INFO  o.eclipse.m2e.core.internal.Bundles - 	Entry: /opt/sts-4.17.1.RELEASE/plugins/slf4j.api_1.7.36.jar
2023-01-14 15:32:46,325 [Worker-6: Launching Executing install in _media_albert_MyDisk4_moreCodes_GitHub_JavaClean_ShopmeEcommerce_ShopmeProject] INFO  o.eclipse.m2e.core.internal.Bundles - getClasspathEntries(Bundle=javax.inject_1.0.0.v20220405-0441 [49])
2023-01-14 15:32:46,326 [Worker-6: Launching Executing install in _media_albert_MyDisk4_moreCodes_GitHub_JavaClean_ShopmeEcommerce_ShopmeProject] INFO  o.eclipse.m2e.core.internal.Bundles - 	Entry: /opt/sts-4.17.1.RELEASE/plugins/javax.inject_1.0.0.v20220405-0441.jar
2023-01-14 15:32:46,326 [Worker-6: Launching Executing install in _media_albert_MyDisk4_moreCodes_GitHub_JavaClean_ShopmeEcommerce_ShopmeProject] INFO  o.eclipse.m2e.core.internal.Bundles - getClasspathEntries(Bundle=javax.annotation_1.3.5.v20221112-0806 [47])
2023-01-14 15:32:46,326 [Worker-6: Launching Executing install in _media_albert_MyDisk4_moreCodes_GitHub_JavaClean_ShopmeEcommerce_ShopmeProject] INFO  o.eclipse.m2e.core.internal.Bundles - 	Entry: /opt/sts-4.17.1.RELEASE/plugins/javax.annotation_1.3.5.v20221112-0806.jar
2023-01-14 15:32:46,331 [Worker-6: Launching Executing install in _media_albert_MyDisk4_moreCodes_GitHub_JavaClean_ShopmeEcommerce_ShopmeProject] INFO  o.e.m.i.launch.MavenLaunchDelegate - Run build in "/media/albert/MyDisk4/moreCodes/GitHub/JavaClean/ShopmeEcommerce/ShopmeProject":
2023-01-14 15:32:46,334 [Worker-6: Launching Executing install in _media_albert_MyDisk4_moreCodes_GitHub_JavaClean_ShopmeEcommerce_ShopmeProject] INFO  o.e.m.i.launch.MavenLaunchDelegate -  mvn  -B -Dstyle.color=always install
2023-01-14 15:32:51,839 [main] INFO  o.e.m2e.actions.ExecutePomAction - Creating new launch configuration
2023-01-14 15:33:52,833 [Worker-0: Building] INFO  o.e.m.c.i.l.LifecycleMappingFactory - Using NULL lifecycle mapping for MavenProject: com.shopme:ShopmeProject:0.0.1-SNAPSHOT @ /media/albert/MyDisk4/moreCodes/GitHub/JavaClean/ShopmeEcommerce/ShopmeProject/pom.xml.
2023-01-14 15:35:13,064 [Worker-10: Building] INFO  o.e.m.c.i.l.LifecycleMappingFactory - Using org.eclipse.m2e.jdt.JarLifecycleMapping lifecycle mapping for MavenProject: com.shopme:ShopmeCommon:0.0.1-SNAPSHOT @ /media/albert/MyDisk4/moreCodes/GitHub/JavaClean/ShopmeEcommerce/ShopmeProject/ShopmeCommon/pom.xml.
2023-01-14 15:35:13,314 [Worker-10: Building] INFO  o.a.m.s.f.DefaultMavenResourcesFiltering - Copying 0 resource
2023-01-14 15:35:13,314 [Worker-10: Building] INFO  o.a.m.s.f.DefaultMavenResourcesFiltering - Copying 0 resource
2023-01-14 15:35:13,320 [Worker-10: Building] INFO  o.a.m.s.f.DefaultMavenResourcesFiltering - skip non existing resourceDirectory /media/albert/MyDisk4/moreCodes/GitHub/JavaClean/ShopmeEcommerce/ShopmeProject/ShopmeCommon/src/test/resources
2023-01-14 15:35:14,466 [Worker-7: Building] INFO  o.a.m.s.f.DefaultMavenResourcesFiltering - Copying 1 resource
2023-01-14 15:35:14,476 [Worker-7: Building] INFO  o.a.m.s.f.DefaultMavenResourcesFiltering - Copying 0 resource
2023-01-14 15:35:14,478 [Worker-7: Building] INFO  o.a.m.s.f.DefaultMavenResourcesFiltering - skip non existing resourceDirectory /media/albert/MyDisk4/moreCodes/GitHub/JavaClean/ShopmeEcommerce/ShopmeProject/ShopmeCommon/src/test/resources
2023-01-14 15:35:14,490 [Worker-7: Building] INFO  o.e.m.c.i.l.LifecycleMappingFactory - Using NULL lifecycle mapping for MavenProject: com.shopme:ShopmeProject:0.0.1-SNAPSHOT @ /media/albert/MyDisk4/moreCodes/GitHub/JavaClean/ShopmeEcommerce/ShopmeProject/pom.xml.
2023-01-14 15:37:33,261 [Worker-9: Import Getting Started Content] INFO  o.e.m.c.i.l.LifecycleMappingFactory - Using org.eclipse.m2e.jdt.JarLifecycleMapping lifecycle mapping for MavenProject: com.shopme:ShopmeWebParent:0.0.1-SNAPSHOT @ /media/albert/MyDisk4/moreCodes/GitHub/JavaClean/ShopmeEcommerce/ShopmeProject/ShopmeWebParent/pom.xml.
2023-01-14 15:37:33,620 [Worker-9: Import Getting Started Content] INFO  o.e.m.c.i.e.AbstractTransferListenerAdapter - Downloading https://repo.maven.apache.org/maven2/org/springframework/boot/spring-boot-starter-web/3.0.1/spring-boot-starter-web-3.0.1.pom
2023-01-14 15:37:33,694 [Worker-9: Import Getting Started Content] INFO  o.e.m.c.i.e.AbstractTransferListenerAdapter - Downloaded https://repo.maven.apache.org/maven2/org/springframework/boot/spring-boot-starter-web/3.0.1/spring-boot-starter-web-3.0.1.pom
2023-01-14 15:37:33,754 [Worker-9: Import Getting Started Content] INFO  o.e.m.c.i.e.AbstractTransferListenerAdapter - Downloading https://repo.maven.apache.org/maven2/org/springframework/boot/spring-boot-starter-json/3.0.1/spring-boot-starter-json-3.0.1.pom
2023-01-14 15:37:33,796 [Worker-9: Import Getting Started Content] INFO  o.e.m.c.i.e.AbstractTransferListenerAdapter - Downloaded https://repo.maven.apache.org/maven2/org/springframework/boot/spring-boot-starter-json/3.0.1/spring-boot-starter-json-3.0.1.pom
2023-01-14 15:37:33,840 [Worker-9: Import Getting Started Content] INFO  o.e.m.c.i.e.AbstractTransferListenerAdapter - Downloading https://repo.maven.apache.org/maven2/org/springframework/spring-web/6.0.3/spring-web-6.0.3.pom
2023-01-14 15:37:33,881 [Worker-9: Import Getting Started Content] INFO  o.e.m.c.i.e.AbstractTransferListenerAdapter - Downloaded https://repo.maven.apache.org/maven2/org/springframework/spring-web/6.0.3/spring-web-6.0.3.pom
2023-01-14 15:37:33,946 [Worker-9: Import Getting Started Content] INFO  o.e.m.c.i.e.AbstractTransferListenerAdapter - Downloading https://repo.maven.apache.org/maven2/org/springframework/boot/spring-boot-starter-tomcat/3.0.1/spring-boot-starter-tomcat-3.0.1.pom
2023-01-14 15:37:33,988 [Worker-9: Import Getting Started Content] INFO  o.e.m.c.i.e.AbstractTransferListenerAdapter - Downloaded https://repo.maven.apache.org/maven2/org/springframework/boot/spring-boot-starter-tomcat/3.0.1/spring-boot-starter-tomcat-3.0.1.pom
2023-01-14 15:37:34,032 [Worker-9: Import Getting Started Content] INFO  o.e.m.c.i.e.AbstractTransferListenerAdapter - Downloading https://repo.maven.apache.org/maven2/org/apache/tomcat/embed/tomcat-embed-core/10.1.4/tomcat-embed-core-10.1.4.pom
2023-01-14 15:37:34,073 [Worker-9: Import Getting Started Content] INFO  o.e.m.c.i.e.AbstractTransferListenerAdapter - Downloaded https://repo.maven.apache.org/maven2/org/apache/tomcat/embed/tomcat-embed-core/10.1.4/tomcat-embed-core-10.1.4.pom
2023-01-14 15:37:34,116 [Worker-9: Import Getting Started Content] INFO  o.e.m.c.i.e.AbstractTransferListenerAdapter - Downloading https://repo.maven.apache.org/maven2/org/apache/tomcat/embed/tomcat-embed-el/10.1.4/tomcat-embed-el-10.1.4.pom
2023-01-14 15:37:34,167 [Worker-9: Import Getting Started Content] INFO  o.e.m.c.i.e.AbstractTransferListenerAdapter - Downloaded https://repo.maven.apache.org/maven2/org/apache/tomcat/embed/tomcat-embed-el/10.1.4/tomcat-embed-el-10.1.4.pom
2023-01-14 15:37:34,211 [Worker-9: Import Getting Started Content] INFO  o.e.m.c.i.e.AbstractTransferListenerAdapter - Downloading https://repo.maven.apache.org/maven2/org/apache/tomcat/embed/tomcat-embed-websocket/10.1.4/tomcat-embed-websocket-10.1.4.pom
2023-01-14 15:37:34,252 [Worker-9: Import Getting Started Content] INFO  o.e.m.c.i.e.AbstractTransferListenerAdapter - Downloaded https://repo.maven.apache.org/maven2/org/apache/tomcat/embed/tomcat-embed-websocket/10.1.4/tomcat-embed-websocket-10.1.4.pom
2023-01-14 15:37:34,296 [Worker-9: Import Getting Started Content] INFO  o.e.m.c.i.e.AbstractTransferListenerAdapter - Downloading https://repo.maven.apache.org/maven2/org/springframework/spring-webmvc/6.0.3/spring-webmvc-6.0.3.pom
2023-01-14 15:37:34,349 [Worker-9: Import Getting Started Content] INFO  o.e.m.c.i.e.AbstractTransferListenerAdapter - Downloaded https://repo.maven.apache.org/maven2/org/springframework/spring-webmvc/6.0.3/spring-webmvc-6.0.3.pom
2023-01-14 15:37:34,422 [AetherRepositoryConnector-repo.maven.apache.org-0-1] INFO  o.e.m.c.i.e.AbstractTransferListenerAdapter - Downloading https://repo.maven.apache.org/maven2/org/springframework/boot/spring-boot-starter-json/3.0.1/spring-boot-starter-json-3.0.1.jar
2023-01-14 15:37:34,455 [AetherRepositoryConnector-repo.maven.apache.org-0-2] INFO  o.e.m.c.i.e.AbstractTransferListenerAdapter - Downloading https://repo.maven.apache.org/maven2/org/springframework/boot/spring-boot-starter-tomcat/3.0.1/spring-boot-starter-tomcat-3.0.1.jar
2023-01-14 15:37:34,456 [AetherRepositoryConnector-repo.maven.apache.org-0-0] INFO  o.e.m.c.i.e.AbstractTransferListenerAdapter - Downloading https://repo.maven.apache.org/maven2/org/springframework/boot/spring-boot-starter-web/3.0.1/spring-boot-starter-web-3.0.1.jar
2023-01-14 15:37:34,458 [AetherRepositoryConnector-repo.maven.apache.org-0-4] INFO  o.e.m.c.i.e.AbstractTransferListenerAdapter - Downloading https://repo.maven.apache.org/maven2/org/apache/tomcat/embed/tomcat-embed-el/10.1.4/tomcat-embed-el-10.1.4.jar
2023-01-14 15:37:34,532 [AetherRepositoryConnector-repo.maven.apache.org-0-3] INFO  o.e.m.c.i.e.AbstractTransferListenerAdapter - Downloading https://repo.maven.apache.org/maven2/org/apache/tomcat/embed/tomcat-embed-core/10.1.4/tomcat-embed-core-10.1.4.jar
2023-01-14 15:37:34,532 [AetherRepositoryConnector-repo.maven.apache.org-0-1] INFO  o.e.m.c.i.e.AbstractTransferListenerAdapter - Downloaded https://repo.maven.apache.org/maven2/org/springframework/boot/spring-boot-starter-json/3.0.1/spring-boot-starter-json-3.0.1.jar
2023-01-14 15:37:34,564 [AetherRepositoryConnector-repo.maven.apache.org-0-0] INFO  o.e.m.c.i.e.AbstractTransferListenerAdapter - Downloaded https://repo.maven.apache.org/maven2/org/springframework/boot/spring-boot-starter-web/3.0.1/spring-boot-starter-web-3.0.1.jar
2023-01-14 15:37:34,564 [AetherRepositoryConnector-repo.maven.apache.org-0-2] INFO  o.e.m.c.i.e.AbstractTransferListenerAdapter - Downloaded https://repo.maven.apache.org/maven2/org/springframework/boot/spring-boot-starter-tomcat/3.0.1/spring-boot-starter-tomcat-3.0.1.jar
2023-01-14 15:37:34,591 [AetherRepositoryConnector-repo.maven.apache.org-0-1] INFO  o.e.m.c.i.e.AbstractTransferListenerAdapter - Downloading https://repo.maven.apache.org/maven2/org/apache/tomcat/embed/tomcat-embed-websocket/10.1.4/tomcat-embed-websocket-10.1.4.jar
2023-01-14 15:37:34,670 [AetherRepositoryConnector-repo.maven.apache.org-0-0] INFO  o.e.m.c.i.e.AbstractTransferListenerAdapter - Downloading https://repo.maven.apache.org/maven2/org/springframework/spring-webmvc/6.0.3/spring-webmvc-6.0.3.jar
2023-01-14 15:37:34,670 [AetherRepositoryConnector-repo.maven.apache.org-0-2] INFO  o.e.m.c.i.e.AbstractTransferListenerAdapter - Downloading https://repo.maven.apache.org/maven2/org/springframework/spring-web/6.0.3/spring-web-6.0.3.jar
2023-01-14 15:37:34,737 [AetherRepositoryConnector-repo.maven.apache.org-0-4] INFO  o.e.m.c.i.e.AbstractTransferListenerAdapter - Downloaded https://repo.maven.apache.org/maven2/org/apache/tomcat/embed/tomcat-embed-el/10.1.4/tomcat-embed-el-10.1.4.jar
2023-01-14 15:37:34,880 [AetherRepositoryConnector-repo.maven.apache.org-0-0] INFO  o.e.m.c.i.e.AbstractTransferListenerAdapter - Downloaded https://repo.maven.apache.org/maven2/org/springframework/spring-webmvc/6.0.3/spring-webmvc-6.0.3.jar
2023-01-14 15:37:34,889 [AetherRepositoryConnector-repo.maven.apache.org-0-1] INFO  o.e.m.c.i.e.AbstractTransferListenerAdapter - Downloaded https://repo.maven.apache.org/maven2/org/apache/tomcat/embed/tomcat-embed-websocket/10.1.4/tomcat-embed-websocket-10.1.4.jar
2023-01-14 15:37:34,898 [AetherRepositoryConnector-repo.maven.apache.org-0-2] INFO  o.e.m.c.i.e.AbstractTransferListenerAdapter - Downloaded https://repo.maven.apache.org/maven2/org/springframework/spring-web/6.0.3/spring-web-6.0.3.jar
2023-01-14 15:37:34,951 [AetherRepositoryConnector-repo.maven.apache.org-0-3] INFO  o.e.m.c.i.e.AbstractTransferListenerAdapter - Downloaded https://repo.maven.apache.org/maven2/org/apache/tomcat/embed/tomcat-embed-core/10.1.4/tomcat-embed-core-10.1.4.jar
2023-01-14 15:37:35,074 [Worker-9: Import Getting Started Content] INFO  o.e.m.j.i.AbstractJavaProjectConfigurator - Adding source folder /ShopmeWebParent/src/main/java
2023-01-14 15:37:35,075 [Worker-9: Import Getting Started Content] INFO  o.e.m.j.i.AbstractJavaProjectConfigurator - Adding resource folder /ShopmeWebParent/src/main/resources
2023-01-14 15:37:35,077 [Worker-9: Import Getting Started Content] INFO  o.e.m.j.i.AbstractJavaProjectConfigurator - Adding resource folder /ShopmeWebParent/src/main/resources
2023-01-14 15:37:35,081 [Worker-9: Import Getting Started Content] INFO  o.e.m.j.i.AbstractJavaProjectConfigurator - Adding source folder /ShopmeWebParent/src/test/java
2023-01-14 15:37:35,084 [Worker-9: Import Getting Started Content] ERROR o.e.m.j.i.AbstractJavaProjectConfigurator - Failed to find a compatible VM for environment id 'JavaSE-19', falling back to workspace default
2023-01-14 15:37:35,181 [Worker-9: Import Getting Started Content] INFO  o.e.m.c.i.p.ProjectConfigurationManager - Imported and configured 1 project(s) in 2 sec
2023-01-14 15:37:35,182 [Worker-9: Import Getting Started Content] INFO  o.e.m.c.i.p.ProjectConfigurationManager - Update started
2023-01-14 15:37:35,337 [Worker-9: Import Getting Started Content] INFO  o.e.m.c.i.l.LifecycleMappingFactory - Using org.eclipse.m2e.jdt.JarLifecycleMapping lifecycle mapping for MavenProject: com.shopme:ShopmeWebParent:0.0.1-SNAPSHOT @ /media/albert/MyDisk4/moreCodes/GitHub/JavaClean/ShopmeEcommerce/ShopmeProject/ShopmeWebParent/pom.xml.
2023-01-14 15:37:35,459 [Worker-9: Import Getting Started Content] INFO  o.e.m.j.i.AbstractJavaProjectConfigurator - Adding source folder /ShopmeWebParent/src/main/java
2023-01-14 15:37:35,460 [Worker-9: Import Getting Started Content] INFO  o.e.m.j.i.AbstractJavaProjectConfigurator - Adding resource folder /ShopmeWebParent/src/main/resources
2023-01-14 15:37:35,460 [Worker-9: Import Getting Started Content] INFO  o.e.m.j.i.AbstractJavaProjectConfigurator - Adding resource folder /ShopmeWebParent/src/main/resources
2023-01-14 15:37:35,460 [Worker-9: Import Getting Started Content] INFO  o.e.m.j.i.AbstractJavaProjectConfigurator - Adding source folder /ShopmeWebParent/src/test/java
2023-01-14 15:37:35,460 [Worker-9: Import Getting Started Content] ERROR o.e.m.j.i.AbstractJavaProjectConfigurator - Failed to find a compatible VM for environment id 'JavaSE-19', falling back to workspace default
2023-01-14 15:37:35,547 [Worker-9: Import Getting Started Content] INFO  o.e.m.c.i.p.ProjectConfigurationManager - Update completed for 1 poms: local refresh takes 0.00 sec, refresh facades takes 0.00 sec, update config takes 0.00 sec 
2023-01-14 15:37:36,178 [Worker-11: Download sources and javadoc] INFO  o.e.m.c.i.e.AbstractTransferListenerAdapter - Downloading https://repo.maven.apache.org/maven2/org/springframework/boot/spring-boot-starter-web/3.0.1/spring-boot-starter-web-3.0.1-sources.jar
2023-01-14 15:37:36,270 [Worker-11: Download sources and javadoc] INFO  o.e.m.c.i.e.AbstractTransferListenerAdapter - Downloaded https://repo.maven.apache.org/maven2/org/springframework/boot/spring-boot-starter-web/3.0.1/spring-boot-starter-web-3.0.1-sources.jar
2023-01-14 15:37:36,271 [Worker-11: Download sources and javadoc] INFO  o.e.m.j.internal.DownloadSourcesJob - Downloaded sources for org.springframework.boot:spring-boot-starter-web:3.0.1
2023-01-14 15:37:36,464 [Worker-11: Download sources and javadoc] INFO  o.e.m.c.i.e.AbstractTransferListenerAdapter - Downloading https://repo.maven.apache.org/maven2/org/springframework/boot/spring-boot-starter-json/3.0.1/spring-boot-starter-json-3.0.1-sources.jar
2023-01-14 15:37:36,508 [Worker-11: Download sources and javadoc] INFO  o.e.m.c.i.e.AbstractTransferListenerAdapter - Downloaded https://repo.maven.apache.org/maven2/org/springframework/boot/spring-boot-starter-json/3.0.1/spring-boot-starter-json-3.0.1-sources.jar
2023-01-14 15:37:36,509 [Worker-11: Download sources and javadoc] INFO  o.e.m.j.internal.DownloadSourcesJob - Downloaded sources for org.springframework.boot:spring-boot-starter-json:3.0.1
2023-01-14 15:37:36,698 [Worker-11: Download sources and javadoc] INFO  o.e.m.c.i.e.AbstractTransferListenerAdapter - Downloading https://repo.maven.apache.org/maven2/com/fasterxml/jackson/core/jackson-databind/2.14.1/jackson-databind-2.14.1-sources.jar
2023-01-14 15:37:36,932 [Worker-11: Download sources and javadoc] INFO  o.e.m.c.i.e.AbstractTransferListenerAdapter - Downloaded https://repo.maven.apache.org/maven2/com/fasterxml/jackson/core/jackson-databind/2.14.1/jackson-databind-2.14.1-sources.jar
2023-01-14 15:37:36,932 [Worker-11: Download sources and javadoc] INFO  o.e.m.j.internal.DownloadSourcesJob - Downloaded sources for com.fasterxml.jackson.core:jackson-databind:2.14.1
2023-01-14 15:37:37,119 [Worker-11: Download sources and javadoc] INFO  o.e.m.c.i.e.AbstractTransferListenerAdapter - Downloading https://repo.maven.apache.org/maven2/com/fasterxml/jackson/core/jackson-annotations/2.14.1/jackson-annotations-2.14.1-sources.jar
2023-01-14 15:37:37,214 [Worker-11: Download sources and javadoc] INFO  o.e.m.c.i.e.AbstractTransferListenerAdapter - Downloaded https://repo.maven.apache.org/maven2/com/fasterxml/jackson/core/jackson-annotations/2.14.1/jackson-annotations-2.14.1-sources.jar
2023-01-14 15:37:37,215 [Worker-11: Download sources and javadoc] INFO  o.e.m.j.internal.DownloadSourcesJob - Downloaded sources for com.fasterxml.jackson.core:jackson-annotations:2.14.1
2023-01-14 15:37:37,376 [Worker-11: Download sources and javadoc] INFO  o.e.m.c.i.e.AbstractTransferListenerAdapter - Downloading https://repo.maven.apache.org/maven2/com/fasterxml/jackson/core/jackson-core/2.14.1/jackson-core-2.14.1-sources.jar
2023-01-14 15:37:37,552 [Worker-11: Download sources and javadoc] INFO  o.e.m.c.i.e.AbstractTransferListenerAdapter - Downloaded https://repo.maven.apache.org/maven2/com/fasterxml/jackson/core/jackson-core/2.14.1/jackson-core-2.14.1-sources.jar
2023-01-14 15:37:37,553 [Worker-11: Download sources and javadoc] INFO  o.e.m.j.internal.DownloadSourcesJob - Downloaded sources for com.fasterxml.jackson.core:jackson-core:2.14.1
2023-01-14 15:37:37,726 [Worker-11: Download sources and javadoc] INFO  o.e.m.c.i.e.AbstractTransferListenerAdapter - Downloading https://repo.maven.apache.org/maven2/com/fasterxml/jackson/datatype/jackson-datatype-jdk8/2.14.1/jackson-datatype-jdk8-2.14.1-sources.jar
2023-01-14 15:37:37,796 [Worker-11: Download sources and javadoc] INFO  o.e.m.c.i.e.AbstractTransferListenerAdapter - Downloaded https://repo.maven.apache.org/maven2/com/fasterxml/jackson/datatype/jackson-datatype-jdk8/2.14.1/jackson-datatype-jdk8-2.14.1-sources.jar
2023-01-14 15:37:37,797 [Worker-11: Download sources and javadoc] INFO  o.e.m.j.internal.DownloadSourcesJob - Downloaded sources for com.fasterxml.jackson.datatype:jackson-datatype-jdk8:2.14.1
2023-01-14 15:37:37,979 [Worker-11: Download sources and javadoc] INFO  o.e.m.c.i.e.AbstractTransferListenerAdapter - Downloading https://repo.maven.apache.org/maven2/com/fasterxml/jackson/datatype/jackson-datatype-jsr310/2.14.1/jackson-datatype-jsr310-2.14.1-sources.jar
2023-01-14 15:37:38,078 [Worker-11: Download sources and javadoc] INFO  o.e.m.c.i.e.AbstractTransferListenerAdapter - Downloaded https://repo.maven.apache.org/maven2/com/fasterxml/jackson/datatype/jackson-datatype-jsr310/2.14.1/jackson-datatype-jsr310-2.14.1-sources.jar
2023-01-14 15:37:38,080 [Worker-11: Download sources and javadoc] INFO  o.e.m.j.internal.DownloadSourcesJob - Downloaded sources for com.fasterxml.jackson.datatype:jackson-datatype-jsr310:2.14.1
2023-01-14 15:37:38,256 [Worker-11: Download sources and javadoc] INFO  o.e.m.c.i.e.AbstractTransferListenerAdapter - Downloading https://repo.maven.apache.org/maven2/com/fasterxml/jackson/module/jackson-module-parameter-names/2.14.1/jackson-module-parameter-names-2.14.1-sources.jar
2023-01-14 15:37:38,374 [Worker-11: Download sources and javadoc] INFO  o.e.m.c.i.e.AbstractTransferListenerAdapter - Downloaded https://repo.maven.apache.org/maven2/com/fasterxml/jackson/module/jackson-module-parameter-names/2.14.1/jackson-module-parameter-names-2.14.1-sources.jar
2023-01-14 15:37:38,375 [Worker-11: Download sources and javadoc] INFO  o.e.m.j.internal.DownloadSourcesJob - Downloaded sources for com.fasterxml.jackson.module:jackson-module-parameter-names:2.14.1
2023-01-14 15:37:38,560 [Worker-11: Download sources and javadoc] INFO  o.e.m.c.i.e.AbstractTransferListenerAdapter - Downloading https://repo.maven.apache.org/maven2/org/springframework/boot/spring-boot-starter-tomcat/3.0.1/spring-boot-starter-tomcat-3.0.1-sources.jar
2023-01-14 15:37:38,643 [Worker-11: Download sources and javadoc] INFO  o.e.m.c.i.e.AbstractTransferListenerAdapter - Downloaded https://repo.maven.apache.org/maven2/org/springframework/boot/spring-boot-starter-tomcat/3.0.1/spring-boot-starter-tomcat-3.0.1-sources.jar
2023-01-14 15:37:38,644 [Worker-11: Download sources and javadoc] INFO  o.e.m.j.internal.DownloadSourcesJob - Downloaded sources for org.springframework.boot:spring-boot-starter-tomcat:3.0.1
2023-01-14 15:37:38,813 [Worker-11: Download sources and javadoc] INFO  o.e.m.c.i.e.AbstractTransferListenerAdapter - Downloading https://repo.maven.apache.org/maven2/org/apache/tomcat/embed/tomcat-embed-core/10.1.4/tomcat-embed-core-10.1.4-sources.jar
2023-01-14 15:37:39,185 [Worker-11: Download sources and javadoc] INFO  o.e.m.c.i.e.AbstractTransferListenerAdapter - Downloaded https://repo.maven.apache.org/maven2/org/apache/tomcat/embed/tomcat-embed-core/10.1.4/tomcat-embed-core-10.1.4-sources.jar
2023-01-14 15:37:39,188 [Worker-11: Download sources and javadoc] INFO  o.e.m.j.internal.DownloadSourcesJob - Downloaded sources for org.apache.tomcat.embed:tomcat-embed-core:10.1.4
2023-01-14 15:37:39,367 [Worker-11: Download sources and javadoc] INFO  o.e.m.c.i.e.AbstractTransferListenerAdapter - Downloading https://repo.maven.apache.org/maven2/org/apache/tomcat/embed/tomcat-embed-el/10.1.4/tomcat-embed-el-10.1.4-sources.jar
2023-01-14 15:37:39,510 [Worker-11: Download sources and javadoc] INFO  o.e.m.c.i.e.AbstractTransferListenerAdapter - Downloaded https://repo.maven.apache.org/maven2/org/apache/tomcat/embed/tomcat-embed-el/10.1.4/tomcat-embed-el-10.1.4-sources.jar
2023-01-14 15:37:39,510 [Worker-11: Download sources and javadoc] INFO  o.e.m.j.internal.DownloadSourcesJob - Downloaded sources for org.apache.tomcat.embed:tomcat-embed-el:10.1.4
2023-01-14 15:37:39,691 [Worker-11: Download sources and javadoc] INFO  o.e.m.c.i.e.AbstractTransferListenerAdapter - Downloading https://repo.maven.apache.org/maven2/org/apache/tomcat/embed/tomcat-embed-websocket/10.1.4/tomcat-embed-websocket-10.1.4-sources.jar
2023-01-14 15:37:39,844 [Worker-11: Download sources and javadoc] INFO  o.e.m.c.i.e.AbstractTransferListenerAdapter - Downloaded https://repo.maven.apache.org/maven2/org/apache/tomcat/embed/tomcat-embed-websocket/10.1.4/tomcat-embed-websocket-10.1.4-sources.jar
2023-01-14 15:37:39,845 [Worker-11: Download sources and javadoc] INFO  o.e.m.j.internal.DownloadSourcesJob - Downloaded sources for org.apache.tomcat.embed:tomcat-embed-websocket:10.1.4
2023-01-14 15:37:40,025 [Worker-11: Download sources and javadoc] INFO  o.e.m.c.i.e.AbstractTransferListenerAdapter - Downloading https://repo.maven.apache.org/maven2/org/springframework/spring-web/6.0.3/spring-web-6.0.3-sources.jar
2023-01-14 15:37:40,267 [Worker-11: Download sources and javadoc] INFO  o.e.m.c.i.e.AbstractTransferListenerAdapter - Downloaded https://repo.maven.apache.org/maven2/org/springframework/spring-web/6.0.3/spring-web-6.0.3-sources.jar
2023-01-14 15:37:40,268 [Worker-11: Download sources and javadoc] INFO  o.e.m.j.internal.DownloadSourcesJob - Downloaded sources for org.springframework:spring-web:6.0.3
2023-01-14 15:37:40,441 [Worker-11: Download sources and javadoc] INFO  o.e.m.c.i.e.AbstractTransferListenerAdapter - Downloading https://repo.maven.apache.org/maven2/io/micrometer/micrometer-observation/1.10.2/micrometer-observation-1.10.2-sources.jar
2023-01-14 15:37:40,526 [Worker-11: Download sources and javadoc] INFO  o.e.m.c.i.e.AbstractTransferListenerAdapter - Downloaded https://repo.maven.apache.org/maven2/io/micrometer/micrometer-observation/1.10.2/micrometer-observation-1.10.2-sources.jar
2023-01-14 15:37:40,527 [Worker-11: Download sources and javadoc] INFO  o.e.m.j.internal.DownloadSourcesJob - Downloaded sources for io.micrometer:micrometer-observation:1.10.2
2023-01-14 15:37:40,688 [Worker-11: Download sources and javadoc] INFO  o.e.m.c.i.e.AbstractTransferListenerAdapter - Downloading https://repo.maven.apache.org/maven2/io/micrometer/micrometer-commons/1.10.2/micrometer-commons-1.10.2-sources.jar
2023-01-14 15:37:40,764 [Worker-11: Download sources and javadoc] INFO  o.e.m.c.i.e.AbstractTransferListenerAdapter - Downloaded https://repo.maven.apache.org/maven2/io/micrometer/micrometer-commons/1.10.2/micrometer-commons-1.10.2-sources.jar
2023-01-14 15:37:40,765 [Worker-11: Download sources and javadoc] INFO  o.e.m.j.internal.DownloadSourcesJob - Downloaded sources for io.micrometer:micrometer-commons:1.10.2
2023-01-14 15:37:40,996 [Worker-11: Download sources and javadoc] INFO  o.e.m.c.i.e.AbstractTransferListenerAdapter - Downloading https://repo.maven.apache.org/maven2/org/springframework/spring-webmvc/6.0.3/spring-webmvc-6.0.3-sources.jar
2023-01-14 15:37:41,196 [Worker-11: Download sources and javadoc] INFO  o.e.m.c.i.e.AbstractTransferListenerAdapter - Downloaded https://repo.maven.apache.org/maven2/org/springframework/spring-webmvc/6.0.3/spring-webmvc-6.0.3-sources.jar
2023-01-14 15:37:41,197 [Worker-11: Download sources and javadoc] INFO  o.e.m.j.internal.DownloadSourcesJob - Downloaded sources for org.springframework:spring-webmvc:6.0.3
2023-01-14 15:39:14,659 [Worker-11: Building] INFO  o.e.m.c.i.l.LifecycleMappingFactory - Using org.eclipse.m2e.jdt.JarLifecycleMapping lifecycle mapping for MavenProject: com.shopme:ShopmeWebParent:0.0.1-SNAPSHOT @ /media/albert/MyDisk4/moreCodes/GitHub/JavaClean/ShopmeEcommerce/ShopmeProject/ShopmeWebParent/pom.xml.
2023-01-14 15:39:14,773 [Worker-11: Building] INFO  o.a.m.s.f.DefaultMavenResourcesFiltering - Copying 0 resource
2023-01-14 15:39:14,774 [Worker-11: Building] INFO  o.a.m.s.f.DefaultMavenResourcesFiltering - Copying 0 resource
2023-01-14 15:39:14,776 [Worker-11: Building] INFO  o.a.m.s.f.DefaultMavenResourcesFiltering - skip non existing resourceDirectory /media/albert/MyDisk4/moreCodes/GitHub/JavaClean/ShopmeEcommerce/ShopmeProject/ShopmeWebParent/src/test/resources
2023-01-14 15:39:38,197 [Worker-0: Building] INFO  o.e.m.c.i.l.LifecycleMappingFactory - Using NULL lifecycle mapping for MavenProject: com.shopme:ShopmeProject:0.0.1-SNAPSHOT @ /media/albert/MyDisk4/moreCodes/GitHub/JavaClean/ShopmeEcommerce/ShopmeProject/pom.xml.
2023-01-14 15:39:57,077 [Worker-11: Building] INFO  o.a.m.s.f.DefaultMavenResourcesFiltering - Copying 1 resource
2023-01-14 15:39:57,087 [Worker-11: Building] INFO  o.a.m.s.f.DefaultMavenResourcesFiltering - Copying 0 resource
2023-01-14 15:39:57,092 [Worker-11: Building] INFO  o.a.m.s.f.DefaultMavenResourcesFiltering - skip non existing resourceDirectory /media/albert/MyDisk4/moreCodes/GitHub/JavaClean/ShopmeEcommerce/ShopmeProject/ShopmeWebParent/src/test/resources
2023-01-14 15:40:01,338 [Worker-9: Building] INFO  o.a.m.s.f.DefaultMavenResourcesFiltering - Copying 0 resource
2023-01-14 15:40:01,338 [Worker-9: Building] INFO  o.a.m.s.f.DefaultMavenResourcesFiltering - Copying 0 resource
2023-01-14 15:40:01,347 [Worker-9: Building] INFO  o.a.m.s.f.DefaultMavenResourcesFiltering - skip non existing resourceDirectory /media/albert/MyDisk4/moreCodes/GitHub/JavaClean/ShopmeEcommerce/ShopmeProject/ShopmeWebParent/src/test/resources
2023-01-14 15:41:08,882 [Worker-7: Building] INFO  o.a.m.s.f.DefaultMavenResourcesFiltering - Copying 0 resource
2023-01-14 15:41:08,882 [Worker-7: Building] INFO  o.a.m.s.f.DefaultMavenResourcesFiltering - Copying 0 resource
2023-01-14 15:41:08,884 [Worker-7: Building] INFO  o.a.m.s.f.DefaultMavenResourcesFiltering - skip non existing resourceDirectory /media/albert/MyDisk4/moreCodes/GitHub/JavaClean/ShopmeEcommerce/ShopmeProject/ShopmeWebParent/src/test/resources
2023-01-14 15:42:41,052 [Worker-0: Building] INFO  o.e.m.c.i.l.LifecycleMappingFactory - Using NULL lifecycle mapping for MavenProject: com.shopme:ShopmeWebParent:0.0.1-SNAPSHOT @ /media/albert/MyDisk4/moreCodes/GitHub/JavaClean/ShopmeEcommerce/ShopmeProject/ShopmeWebParent/pom.xml.
2023-01-14 15:42:41,123 [Worker-13: Updating Maven Project] INFO  o.e.m.c.i.p.ProjectConfigurationManager - Update started
2023-01-14 15:42:41,200 [Worker-13: Updating Maven Project] INFO  o.e.m.c.i.l.LifecycleMappingFactory - Using NULL lifecycle mapping for MavenProject: com.shopme:ShopmeWebParent:0.0.1-SNAPSHOT @ /media/albert/MyDisk4/moreCodes/GitHub/JavaClean/ShopmeEcommerce/ShopmeProject/ShopmeWebParent/pom.xml.
2023-01-14 15:42:41,267 [Worker-13: Updating Maven Project] INFO  o.e.m.c.i.p.ProjectConfigurationManager - Update completed for 1 poms: local refresh takes 0.00 sec, refresh facades takes 0.00 sec, update config takes 0.00 sec 
2023-01-14 15:43:44,710 [Worker-9: Updating Maven Project] INFO  o.e.m.c.i.p.ProjectConfigurationManager - Update started
2023-01-14 15:43:44,790 [Worker-9: Updating Maven Project] INFO  o.e.m.c.i.l.LifecycleMappingFactory - Using NULL lifecycle mapping for MavenProject: com.shopme:ShopmeWebParent:0.0.1-SNAPSHOT @ /media/albert/MyDisk4/moreCodes/GitHub/JavaClean/ShopmeEcommerce/ShopmeProject/ShopmeWebParent/pom.xml.
2023-01-14 15:43:44,868 [Worker-9: Updating Maven Project] INFO  o.e.m.c.i.p.ProjectConfigurationManager - Update completed for 1 poms: local refresh takes 0.00 sec, refresh facades takes 0.00 sec, update config takes 0.00 sec 
2023-01-14 15:43:55,508 [Worker-9: Updating Maven Project] INFO  o.e.m.c.i.p.ProjectConfigurationManager - Update started
2023-01-14 15:43:55,659 [Worker-9: Updating Maven Project] INFO  o.e.m.c.i.l.LifecycleMappingFactory - Using NULL lifecycle mapping for MavenProject: com.shopme:ShopmeProject:0.0.1-SNAPSHOT @ /media/albert/MyDisk4/moreCodes/GitHub/JavaClean/ShopmeEcommerce/ShopmeProject/pom.xml.
2023-01-14 15:43:55,673 [Worker-9: Updating Maven Project] INFO  o.e.m.c.i.l.LifecycleMappingFactory - Using org.eclipse.m2e.jdt.JarLifecycleMapping lifecycle mapping for MavenProject: com.shopme:ShopmeCommon:0.0.1-SNAPSHOT @ /media/albert/MyDisk4/moreCodes/GitHub/JavaClean/ShopmeEcommerce/ShopmeProject/ShopmeCommon/pom.xml.
2023-01-14 15:43:55,717 [Worker-9: Updating Maven Project] INFO  o.e.m.c.i.l.LifecycleMappingFactory - Using NULL lifecycle mapping for MavenProject: com.shopme:ShopmeWebParent:0.0.1-SNAPSHOT @ /media/albert/MyDisk4/moreCodes/GitHub/JavaClean/ShopmeEcommerce/ShopmeProject/ShopmeWebParent/pom.xml.
2023-01-14 15:43:55,846 [Worker-9: Updating Maven Project] INFO  o.e.m.j.i.AbstractJavaProjectConfigurator - Adding source folder /ShopmeCommon/src/main/java
2023-01-14 15:43:55,846 [Worker-9: Updating Maven Project] INFO  o.e.m.j.i.AbstractJavaProjectConfigurator - Adding resource folder /ShopmeCommon/src/main/resources
2023-01-14 15:43:55,846 [Worker-9: Updating Maven Project] INFO  o.e.m.j.i.AbstractJavaProjectConfigurator - Adding resource folder /ShopmeCommon/src/main/resources
2023-01-14 15:43:55,846 [Worker-9: Updating Maven Project] INFO  o.e.m.j.i.AbstractJavaProjectConfigurator - Adding source folder /ShopmeCommon/src/test/java
2023-01-14 15:43:55,847 [Worker-9: Updating Maven Project] ERROR o.e.m.j.i.AbstractJavaProjectConfigurator - Failed to find a compatible VM for environment id 'JavaSE-19', falling back to workspace default
2023-01-14 15:43:55,936 [Worker-9: Updating Maven Project] INFO  o.e.m.c.i.p.ProjectConfigurationManager - Update completed for 3 poms: local refresh takes 0.00 sec, refresh facades takes 0.00 sec, update config takes 0.00 sec 
2023-01-14 15:44:00,014 [Worker-14: Updating Maven Project] INFO  o.e.m.c.i.p.ProjectConfigurationManager - Update started
2023-01-14 15:44:00,103 [Worker-14: Updating Maven Project] INFO  o.e.m.c.i.l.LifecycleMappingFactory - Using org.eclipse.m2e.jdt.JarLifecycleMapping lifecycle mapping for MavenProject: com.shopme:ShopmeCommon:0.0.1-SNAPSHOT @ /media/albert/MyDisk4/moreCodes/GitHub/JavaClean/ShopmeEcommerce/ShopmeProject/ShopmeCommon/pom.xml.
2023-01-14 15:44:00,173 [Worker-14: Updating Maven Project] INFO  o.e.m.j.i.AbstractJavaProjectConfigurator - Adding source folder /ShopmeCommon/src/main/java
2023-01-14 15:44:00,173 [Worker-14: Updating Maven Project] INFO  o.e.m.j.i.AbstractJavaProjectConfigurator - Adding resource folder /ShopmeCommon/src/main/resources
2023-01-14 15:44:00,174 [Worker-14: Updating Maven Project] INFO  o.e.m.j.i.AbstractJavaProjectConfigurator - Adding resource folder /ShopmeCommon/src/main/resources
2023-01-14 15:44:00,174 [Worker-14: Updating Maven Project] INFO  o.e.m.j.i.AbstractJavaProjectConfigurator - Adding source folder /ShopmeCommon/src/test/java
2023-01-14 15:44:00,174 [Worker-14: Updating Maven Project] ERROR o.e.m.j.i.AbstractJavaProjectConfigurator - Failed to find a compatible VM for environment id 'JavaSE-19', falling back to workspace default
2023-01-14 15:44:00,234 [Worker-14: Updating Maven Project] INFO  o.e.m.c.i.p.ProjectConfigurationManager - Update completed for 1 poms: local refresh takes 0.00 sec, refresh facades takes 0.00 sec, update config takes 0.00 sec 
2023-01-14 15:46:57,161 [Worker-9: Import Getting Started Content] INFO  o.e.m.c.i.l.LifecycleMappingFactory - Using org.eclipse.m2e.jdt.JarLifecycleMapping lifecycle mapping for MavenProject: com.shopme:ShopmeBackEnd:0.0.1-SNAPSHOT @ /media/albert/MyDisk4/moreCodes/GitHub/JavaClean/ShopmeEcommerce/ShopmeProject/ShopmeWebParent/ShopmeBackEnd/pom.xml.
2023-01-14 15:46:57,284 [Worker-9: Import Getting Started Content] INFO  o.e.m.j.i.AbstractJavaProjectConfigurator - Adding source folder /ShopmeBackEnd/src/main/java
2023-01-14 15:46:57,284 [Worker-9: Import Getting Started Content] INFO  o.e.m.j.i.AbstractJavaProjectConfigurator - Adding resource folder /ShopmeBackEnd/src/main/resources
2023-01-14 15:46:57,284 [Worker-9: Import Getting Started Content] INFO  o.e.m.j.i.AbstractJavaProjectConfigurator - Adding resource folder /ShopmeBackEnd/src/main/resources
2023-01-14 15:46:57,286 [Worker-9: Import Getting Started Content] INFO  o.e.m.j.i.AbstractJavaProjectConfigurator - Adding source folder /ShopmeBackEnd/src/test/java
2023-01-14 15:46:57,287 [Worker-9: Import Getting Started Content] ERROR o.e.m.j.i.AbstractJavaProjectConfigurator - Failed to find a compatible VM for environment id 'JavaSE-19', falling back to workspace default
2023-01-14 15:46:57,327 [Worker-9: Import Getting Started Content] INFO  o.e.m.c.i.p.ProjectConfigurationManager - Imported and configured 1 project(s) in 0 sec
2023-01-14 15:46:57,328 [Worker-9: Import Getting Started Content] INFO  o.e.m.c.i.p.ProjectConfigurationManager - Update started
2023-01-14 15:46:57,409 [Worker-9: Import Getting Started Content] INFO  o.e.m.c.i.l.LifecycleMappingFactory - Using org.eclipse.m2e.jdt.JarLifecycleMapping lifecycle mapping for MavenProject: com.shopme:ShopmeBackEnd:0.0.1-SNAPSHOT @ /media/albert/MyDisk4/moreCodes/GitHub/JavaClean/ShopmeEcommerce/ShopmeProject/ShopmeWebParent/ShopmeBackEnd/pom.xml.
2023-01-14 15:46:57,470 [Worker-9: Import Getting Started Content] INFO  o.e.m.j.i.AbstractJavaProjectConfigurator - Adding source folder /ShopmeBackEnd/src/main/java
2023-01-14 15:46:57,470 [Worker-9: Import Getting Started Content] INFO  o.e.m.j.i.AbstractJavaProjectConfigurator - Adding resource folder /ShopmeBackEnd/src/main/resources
2023-01-14 15:46:57,470 [Worker-9: Import Getting Started Content] INFO  o.e.m.j.i.AbstractJavaProjectConfigurator - Adding resource folder /ShopmeBackEnd/src/main/resources
2023-01-14 15:46:57,470 [Worker-9: Import Getting Started Content] INFO  o.e.m.j.i.AbstractJavaProjectConfigurator - Adding source folder /ShopmeBackEnd/src/test/java
2023-01-14 15:46:57,470 [Worker-9: Import Getting Started Content] ERROR o.e.m.j.i.AbstractJavaProjectConfigurator - Failed to find a compatible VM for environment id 'JavaSE-19', falling back to workspace default
2023-01-14 15:46:57,531 [Worker-9: Import Getting Started Content] INFO  o.e.m.c.i.p.ProjectConfigurationManager - Update completed for 1 poms: local refresh takes 0.00 sec, refresh facades takes 0.00 sec, update config takes 0.00 sec 
2023-01-14 15:47:38,177 [Worker-9: Building] INFO  o.e.m.c.i.l.LifecycleMappingFactory - Using NULL lifecycle mapping for MavenProject: com.shopme:ShopmeWebParent:0.0.1-SNAPSHOT @ /media/albert/MyDisk4/moreCodes/GitHub/JavaClean/ShopmeEcommerce/ShopmeProject/ShopmeWebParent/pom.xml.
2023-01-14 15:50:06,052 [Worker-12: Building] INFO  o.e.m.c.i.l.LifecycleMappingFactory - Using org.eclipse.m2e.jdt.JarLifecycleMapping lifecycle mapping for MavenProject: com.shopme:ShopmeBackEnd:0.0.1-SNAPSHOT @ /media/albert/MyDisk4/moreCodes/GitHub/JavaClean/ShopmeEcommerce/ShopmeProject/ShopmeWebParent/ShopmeBackEnd/pom.xml.
2023-01-14 15:50:06,174 [Worker-12: Building] INFO  o.a.m.s.f.DefaultMavenResourcesFiltering - Copying 0 resource
2023-01-14 15:50:06,174 [Worker-12: Building] INFO  o.a.m.s.f.DefaultMavenResourcesFiltering - Copying 0 resource
2023-01-14 15:50:06,180 [Worker-12: Building] INFO  o.a.m.s.f.DefaultMavenResourcesFiltering - skip non existing resourceDirectory /media/albert/MyDisk4/moreCodes/GitHub/JavaClean/ShopmeEcommerce/ShopmeProject/ShopmeWebParent/ShopmeBackEnd/src/test/resources
2023-01-14 15:50:07,565 [Worker-9: Building] INFO  o.a.m.s.f.DefaultMavenResourcesFiltering - Copying 1 resource
2023-01-14 15:50:07,575 [Worker-9: Building] INFO  o.a.m.s.f.DefaultMavenResourcesFiltering - Copying 0 resource
2023-01-14 15:50:07,577 [Worker-9: Building] INFO  o.a.m.s.f.DefaultMavenResourcesFiltering - skip non existing resourceDirectory /media/albert/MyDisk4/moreCodes/GitHub/JavaClean/ShopmeEcommerce/ShopmeProject/ShopmeWebParent/ShopmeBackEnd/src/test/resources
2023-01-14 15:50:26,604 [Worker-9: Building] INFO  o.a.m.s.f.DefaultMavenResourcesFiltering - Copying 0 resource
2023-01-14 15:50:26,608 [Worker-9: Building] INFO  o.a.m.s.f.DefaultMavenResourcesFiltering - Copying 0 resource
2023-01-14 15:50:26,610 [Worker-9: Building] INFO  o.a.m.s.f.DefaultMavenResourcesFiltering - skip non existing resourceDirectory /media/albert/MyDisk4/moreCodes/GitHub/JavaClean/ShopmeEcommerce/ShopmeProject/ShopmeWebParent/ShopmeBackEnd/src/test/resources
2023-01-14 15:50:47,457 [Worker-9: Building] INFO  o.a.m.s.f.DefaultMavenResourcesFiltering - Copying 0 resource
2023-01-14 15:50:47,458 [Worker-9: Building] INFO  o.a.m.s.f.DefaultMavenResourcesFiltering - Copying 0 resource
2023-01-14 15:50:47,460 [Worker-9: Building] INFO  o.a.m.s.f.DefaultMavenResourcesFiltering - skip non existing resourceDirectory /media/albert/MyDisk4/moreCodes/GitHub/JavaClean/ShopmeEcommerce/ShopmeProject/ShopmeWebParent/ShopmeBackEnd/src/test/resources
2023-01-14 15:51:25,258 [Worker-19: Building] INFO  o.a.m.s.f.DefaultMavenResourcesFiltering - Copying 1 resource
2023-01-14 15:51:25,264 [Worker-19: Building] INFO  o.a.m.s.f.DefaultMavenResourcesFiltering - Copying 0 resource
2023-01-14 15:51:25,268 [Worker-19: Building] INFO  o.a.m.s.f.DefaultMavenResourcesFiltering - skip non existing resourceDirectory /media/albert/MyDisk4/moreCodes/GitHub/JavaClean/ShopmeEcommerce/ShopmeProject/ShopmeWebParent/ShopmeBackEnd/src/test/resources
2023-01-14 15:52:26,935 [Worker-12: Building] INFO  o.e.m.c.i.l.LifecycleMappingFactory - Using NULL lifecycle mapping for MavenProject: com.shopme:ShopmeWebParent:0.0.1-SNAPSHOT @ /media/albert/MyDisk4/moreCodes/GitHub/JavaClean/ShopmeEcommerce/ShopmeProject/ShopmeWebParent/pom.xml.
2023-01-14 15:52:27,015 [Worker-12: Building] INFO  o.e.m.c.i.l.LifecycleMappingFactory - Using org.eclipse.m2e.jdt.JarLifecycleMapping lifecycle mapping for MavenProject: com.shopme:ShopmeBackEnd:0.0.1-SNAPSHOT @ /media/albert/MyDisk4/moreCodes/GitHub/JavaClean/ShopmeEcommerce/ShopmeProject/ShopmeWebParent/ShopmeBackEnd/pom.xml.
2023-01-14 15:52:28,268 [Worker-12: Download sources and javadoc] INFO  o.e.m.c.i.e.AbstractTransferListenerAdapter - Downloading https://repo.maven.apache.org/maven2/org/springframework/boot/spring-boot-starter-thymeleaf/3.0.1/spring-boot-starter-thymeleaf-3.0.1-sources.jar
2023-01-14 15:52:28,334 [Worker-12: Download sources and javadoc] INFO  o.e.m.c.i.e.AbstractTransferListenerAdapter - Downloaded https://repo.maven.apache.org/maven2/org/springframework/boot/spring-boot-starter-thymeleaf/3.0.1/spring-boot-starter-thymeleaf-3.0.1-sources.jar
2023-01-14 15:52:28,335 [Worker-12: Download sources and javadoc] INFO  o.e.m.j.internal.DownloadSourcesJob - Downloaded sources for org.springframework.boot:spring-boot-starter-thymeleaf:3.0.1
2023-01-14 15:52:28,518 [Worker-12: Download sources and javadoc] INFO  o.e.m.c.i.e.AbstractTransferListenerAdapter - Downloading https://repo.maven.apache.org/maven2/org/thymeleaf/thymeleaf-spring6/3.1.1.RELEASE/thymeleaf-spring6-3.1.1.RELEASE-sources.jar
2023-01-14 15:52:28,556 [Worker-19: Building] INFO  o.a.m.s.f.DefaultMavenResourcesFiltering - Copying 1 resource
2023-01-14 15:52:28,580 [Worker-19: Building] INFO  o.a.m.s.f.DefaultMavenResourcesFiltering - Copying 0 resource
2023-01-14 15:52:28,587 [Worker-19: Building] INFO  o.a.m.s.f.DefaultMavenResourcesFiltering - skip non existing resourceDirectory /media/albert/MyDisk4/moreCodes/GitHub/JavaClean/ShopmeEcommerce/ShopmeProject/ShopmeWebParent/ShopmeBackEnd/src/test/resources
2023-01-14 15:52:28,704 [Worker-12: Download sources and javadoc] INFO  o.e.m.c.i.e.AbstractTransferListenerAdapter - Downloaded https://repo.maven.apache.org/maven2/org/thymeleaf/thymeleaf-spring6/3.1.1.RELEASE/thymeleaf-spring6-3.1.1.RELEASE-sources.jar
2023-01-14 15:52:28,705 [Worker-12: Download sources and javadoc] INFO  o.e.m.j.internal.DownloadSourcesJob - Downloaded sources for org.thymeleaf:thymeleaf-spring6:3.1.1.RELEASE
2023-01-14 15:52:28,892 [Worker-12: Download sources and javadoc] INFO  o.e.m.c.i.e.AbstractTransferListenerAdapter - Downloading https://repo.maven.apache.org/maven2/org/thymeleaf/thymeleaf/3.1.1.RELEASE/thymeleaf-3.1.1.RELEASE-sources.jar
2023-01-14 15:52:29,116 [Worker-12: Download sources and javadoc] INFO  o.e.m.c.i.e.AbstractTransferListenerAdapter - Downloaded https://repo.maven.apache.org/maven2/org/thymeleaf/thymeleaf/3.1.1.RELEASE/thymeleaf-3.1.1.RELEASE-sources.jar
2023-01-14 15:52:29,117 [Worker-12: Download sources and javadoc] INFO  o.e.m.j.internal.DownloadSourcesJob - Downloaded sources for org.thymeleaf:thymeleaf:3.1.1.RELEASE
2023-01-14 15:52:29,290 [Worker-12: Download sources and javadoc] INFO  o.e.m.c.i.e.AbstractTransferListenerAdapter - Downloading https://repo.maven.apache.org/maven2/org/attoparser/attoparser/2.0.6.RELEASE/attoparser-2.0.6.RELEASE-sources.jar
2023-01-14 15:52:29,423 [Worker-12: Download sources and javadoc] INFO  o.e.m.c.i.e.AbstractTransferListenerAdapter - Downloaded https://repo.maven.apache.org/maven2/org/attoparser/attoparser/2.0.6.RELEASE/attoparser-2.0.6.RELEASE-sources.jar
2023-01-14 15:52:29,423 [Worker-12: Download sources and javadoc] INFO  o.e.m.j.internal.DownloadSourcesJob - Downloaded sources for org.attoparser:attoparser:2.0.6.RELEASE
2023-01-14 15:52:29,585 [Worker-12: Download sources and javadoc] INFO  o.e.m.c.i.e.AbstractTransferListenerAdapter - Downloading https://repo.maven.apache.org/maven2/org/unbescape/unbescape/1.1.6.RELEASE/unbescape-1.1.6.RELEASE-sources.jar
2023-01-14 15:52:29,740 [Worker-12: Download sources and javadoc] INFO  o.e.m.c.i.e.AbstractTransferListenerAdapter - Downloaded https://repo.maven.apache.org/maven2/org/unbescape/unbescape/1.1.6.RELEASE/unbescape-1.1.6.RELEASE-sources.jar
2023-01-14 15:52:29,741 [Worker-12: Download sources and javadoc] INFO  o.e.m.j.internal.DownloadSourcesJob - Downloaded sources for org.unbescape:unbescape:1.1.6.RELEASE
2023-01-14 15:52:29,742 [Worker-12: Download sources and javadoc] INFO  o.e.m.j.internal.DownloadSourcesJob - Downloaded sources for org.springframework.boot:spring-boot-starter-thymeleaf:3.0.1
2023-01-14 15:52:29,744 [Worker-12: Download sources and javadoc] INFO  o.e.m.j.internal.DownloadSourcesJob - Downloaded sources for org.thymeleaf:thymeleaf-spring6:3.1.1.RELEASE
2023-01-14 15:52:29,745 [Worker-12: Download sources and javadoc] INFO  o.e.m.j.internal.DownloadSourcesJob - Downloaded sources for org.thymeleaf:thymeleaf:3.1.1.RELEASE
2023-01-14 15:52:29,747 [Worker-12: Download sources and javadoc] INFO  o.e.m.j.internal.DownloadSourcesJob - Downloaded sources for org.attoparser:attoparser:2.0.6.RELEASE
2023-01-14 15:52:29,748 [Worker-12: Download sources and javadoc] INFO  o.e.m.j.internal.DownloadSourcesJob - Downloaded sources for org.unbescape:unbescape:1.1.6.RELEASE
2023-01-14 15:52:30,741 [Worker-19: Building] INFO  o.a.m.s.f.DefaultMavenResourcesFiltering - Copying 0 resource
2023-01-14 15:52:30,741 [Worker-19: Building] INFO  o.a.m.s.f.DefaultMavenResourcesFiltering - Copying 0 resource
2023-01-14 15:52:30,743 [Worker-19: Building] INFO  o.a.m.s.f.DefaultMavenResourcesFiltering - skip non existing resourceDirectory /media/albert/MyDisk4/moreCodes/GitHub/JavaClean/ShopmeEcommerce/ShopmeProject/ShopmeWebParent/ShopmeBackEnd/src/test/resources
2023-01-14 15:53:44,145 [Worker-9: Building] INFO  o.a.m.s.f.DefaultMavenResourcesFiltering - Copying 1 resource
2023-01-14 15:53:44,148 [Worker-9: Building] INFO  o.a.m.s.f.DefaultMavenResourcesFiltering - Copying 0 resource
2023-01-14 15:53:44,154 [Worker-9: Building] INFO  o.a.m.s.f.DefaultMavenResourcesFiltering - skip non existing resourceDirectory /media/albert/MyDisk4/moreCodes/GitHub/JavaClean/ShopmeEcommerce/ShopmeProject/ShopmeWebParent/ShopmeBackEnd/src/test/resources
2023-01-14 15:54:04,813 [Worker-12: Building] INFO  o.a.m.s.f.DefaultMavenResourcesFiltering - Copying 1 resource
2023-01-14 15:54:04,822 [Worker-12: Building] INFO  o.a.m.s.f.DefaultMavenResourcesFiltering - Copying 0 resource
2023-01-14 15:54:04,825 [Worker-12: Building] INFO  o.a.m.s.f.DefaultMavenResourcesFiltering - skip non existing resourceDirectory /media/albert/MyDisk4/moreCodes/GitHub/JavaClean/ShopmeEcommerce/ShopmeProject/ShopmeWebParent/ShopmeBackEnd/src/test/resources
2023-01-14 15:54:39,425 [Worker-18: Building] INFO  o.a.m.s.f.DefaultMavenResourcesFiltering - Copying 1 resource
2023-01-14 15:54:39,431 [Worker-18: Building] INFO  o.a.m.s.f.DefaultMavenResourcesFiltering - Copying 0 resource
2023-01-14 15:54:39,437 [Worker-18: Building] INFO  o.a.m.s.f.DefaultMavenResourcesFiltering - skip non existing resourceDirectory /media/albert/MyDisk4/moreCodes/GitHub/JavaClean/ShopmeEcommerce/ShopmeProject/ShopmeWebParent/ShopmeBackEnd/src/test/resources
2023-01-14 15:55:07,635 [Worker-9: Building] INFO  o.a.m.s.f.DefaultMavenResourcesFiltering - Copying 1 resource
2023-01-14 15:55:07,638 [Worker-9: Building] INFO  o.a.m.s.f.DefaultMavenResourcesFiltering - Copying 0 resource
2023-01-14 15:55:07,645 [Worker-9: Building] INFO  o.a.m.s.f.DefaultMavenResourcesFiltering - skip non existing resourceDirectory /media/albert/MyDisk4/moreCodes/GitHub/JavaClean/ShopmeEcommerce/ShopmeProject/ShopmeWebParent/ShopmeBackEnd/src/test/resources
2023-01-14 15:57:07,856 [Worker-19: Building] INFO  o.a.m.s.f.DefaultMavenResourcesFiltering - Copying 1 resource
2023-01-14 15:57:07,865 [Worker-19: Building] INFO  o.a.m.s.f.DefaultMavenResourcesFiltering - Copying 0 resource
2023-01-14 15:57:07,871 [Worker-19: Building] INFO  o.a.m.s.f.DefaultMavenResourcesFiltering - skip non existing resourceDirectory /media/albert/MyDisk4/moreCodes/GitHub/JavaClean/ShopmeEcommerce/ShopmeProject/ShopmeWebParent/ShopmeBackEnd/src/test/resources
2023-01-14 15:57:27,919 [Worker-9: Building] INFO  o.a.m.s.f.DefaultMavenResourcesFiltering - Copying 0 resource
2023-01-14 15:57:27,920 [Worker-9: Building] INFO  o.a.m.s.f.DefaultMavenResourcesFiltering - Copying 0 resource
2023-01-14 15:57:27,925 [Worker-9: Building] INFO  o.a.m.s.f.DefaultMavenResourcesFiltering - skip non existing resourceDirectory /media/albert/MyDisk4/moreCodes/GitHub/JavaClean/ShopmeEcommerce/ShopmeProject/ShopmeWebParent/ShopmeBackEnd/src/test/resources
2023-01-14 16:04:25,472 [Start Help Server] INFO  org.eclipse.jetty.server.Server - jetty-10.0.12; built: 2022-09-14T01:54:40.076Z; git: 408d0139887e27a57b54ed52e2d92a36731a7e88; jvm 17.0.5+8
2023-01-14 16:04:25,530 [Start Help Server] INFO  o.e.j.s.s.DefaultSessionIdManager - Session workerName=node0
2023-01-14 16:04:25,566 [Start Help Server] INFO  o.e.j.server.handler.ContextHandler - Started o.e.j.s.ServletContextHandler@1c43e915{/help,null,AVAILABLE}
2023-01-14 16:04:25,578 [Start Help Server] INFO  o.e.jetty.server.AbstractConnector - Started ServerConnector@7d161248{HTTP/1.1, (http/1.1)}{127.0.0.1:33541}
2023-01-14 16:04:25,580 [Start Help Server] INFO  org.eclipse.jetty.server.Server - Started Server@445d04e5{STARTING}[10.0.12,sto=0] @2228685ms
2023-01-14 16:06:21,434 [Worker-28: https://download.eclipse.org/releases/neon/201610111000/p2.index] INFO  o.a.h.c.h.i.c.HttpRequestRetryExec - Recoverable I/O exception (java.net.SocketException) caught when processing request to {s}->https://download.eclipse.org:443
2023-01-14 16:06:21,463 [Stop Help Server] INFO  org.eclipse.jetty.server.Server - Stopped Server@445d04e5{STOPPING}[10.0.12,sto=0]
2023-01-14 16:06:21,464 [Stop Help Server] INFO  o.e.jetty.server.AbstractConnector - Stopped ServerConnector@7d161248{HTTP/1.1, (http/1.1)}{127.0.0.1:0}
2023-01-14 16:06:21,485 [Stop Help Server] INFO  o.e.j.server.handler.ContextHandler - Stopped o.e.j.s.ServletContextHandler@1c43e915{/help,null,STOPPED}
2023-01-14 16:06:31,044 [Worker-2: Loading available Gradle versions] INFO  o.e.b.c.i.u.g.PublishedGradleVersions - Gradle version information cache is up-to-date. Trying to read.
2023-01-14 16:07:30,301 [Start Help Server] INFO  org.eclipse.jetty.server.Server - jetty-10.0.12; built: 2022-09-14T01:54:40.076Z; git: 408d0139887e27a57b54ed52e2d92a36731a7e88; jvm 17.0.5+8
2023-01-14 16:07:30,325 [Start Help Server] INFO  o.e.j.s.s.DefaultSessionIdManager - Session workerName=node0
2023-01-14 16:07:30,346 [Start Help Server] INFO  o.e.j.server.handler.ContextHandler - Started o.e.j.s.ServletContextHandler@49ee146c{/help,null,AVAILABLE}
2023-01-14 16:07:30,355 [Start Help Server] INFO  o.e.jetty.server.AbstractConnector - Started ServerConnector@37c6ebd0{HTTP/1.1, (http/1.1)}{127.0.0.1:44853}
2023-01-14 16:07:30,356 [Start Help Server] INFO  org.eclipse.jetty.server.Server - Started Server@47638dbe{STARTING}[10.0.12,sto=0] @67341ms
2023-01-14 16:09:37,288 [Stop Help Server] INFO  org.eclipse.jetty.server.Server - Stopped Server@47638dbe{STOPPING}[10.0.12,sto=0]
2023-01-14 16:09:37,290 [Stop Help Server] INFO  o.e.jetty.server.AbstractConnector - Stopped ServerConnector@37c6ebd0{HTTP/1.1, (http/1.1)}{127.0.0.1:0}
2023-01-14 16:09:37,300 [Stop Help Server] INFO  o.e.j.server.handler.ContextHandler - Stopped o.e.j.s.ServletContextHandler@49ee146c{/help,null,STOPPED}
2023-01-14 16:09:46,446 [Worker-0: Loading available Gradle versions] INFO  o.e.b.c.i.u.g.PublishedGradleVersions - Gradle version information cache is up-to-date. Trying to read.
2023-01-14 16:25:44,464 [Worker-1: Loading available Gradle versions] INFO  o.e.b.c.i.u.g.PublishedGradleVersions - Gradle version information cache is up-to-date. Trying to read.
2023-01-14 16:27:07,512 [Worker-7: Building] INFO  o.a.m.s.f.DefaultMavenResourcesFiltering - Copying 1 resource
2023-01-14 16:27:07,528 [Worker-7: Building] INFO  o.a.m.s.f.DefaultMavenResourcesFiltering - Copying 1 resource
2023-01-14 16:27:07,532 [Worker-7: Building] INFO  o.a.m.s.f.DefaultMavenResourcesFiltering - skip non existing resourceDirectory /media/albert/MyDisk4/moreCodes/GitHub/JavaClean/ShopmeEcommerce/ShopmeProject/ShopmeWebParent/ShopmeBackEnd/src/test/resources
2023-01-14 16:27:08,202 [Worker-7: Building] INFO  o.a.m.s.f.DefaultMavenResourcesFiltering - Copying 1 resource
2023-01-14 16:27:08,215 [Worker-7: Building] INFO  o.a.m.s.f.DefaultMavenResourcesFiltering - Copying 0 resource
2023-01-14 16:27:08,226 [Worker-7: Building] INFO  o.a.m.s.f.DefaultMavenResourcesFiltering - skip non existing resourceDirectory /media/albert/MyDisk4/moreCodes/GitHub/JavaClean/ShopmeEcommerce/ShopmeProject/ShopmeCommon/src/test/resources
2023-01-14 16:27:52,360 [Worker-2: Building] INFO  o.a.m.s.f.DefaultMavenResourcesFiltering - Copying 0 resource
2023-01-14 16:27:52,360 [Worker-2: Building] INFO  o.a.m.s.f.DefaultMavenResourcesFiltering - Copying 1 resource
2023-01-14 16:27:52,363 [Worker-2: Building] INFO  o.a.m.s.f.DefaultMavenResourcesFiltering - skip non existing resourceDirectory /media/albert/MyDisk4/moreCodes/GitHub/JavaClean/ShopmeEcommerce/ShopmeProject/ShopmeWebParent/ShopmeBackEnd/src/test/resources
2023-01-14 16:29:47,324 [Worker-9: Launching ShopmeBackEnd - ShopmeBackEndApplication] INFO  o.e.m.c.i.l.LifecycleMappingFactory - Using org.eclipse.m2e.jdt.JarLifecycleMapping lifecycle mapping for MavenProject: com.shopme:ShopmeBackEnd:0.0.1-SNAPSHOT @ /media/albert/MyDisk4/moreCodes/GitHub/JavaClean/ShopmeEcommerce/ShopmeProject/ShopmeWebParent/ShopmeBackEnd/pom.xml.
2023-01-14 16:29:47,484 [Worker-9: Launching ShopmeBackEnd - ShopmeBackEndApplication] INFO  o.a.m.s.f.DefaultMavenResourcesFiltering - Copying 0 resource
2023-01-14 16:29:47,484 [Worker-9: Launching ShopmeBackEnd - ShopmeBackEndApplication] INFO  o.a.m.s.f.DefaultMavenResourcesFiltering - Copying 0 resource
2023-01-14 16:29:47,487 [Worker-9: Launching ShopmeBackEnd - ShopmeBackEndApplication] INFO  o.a.m.s.f.DefaultMavenResourcesFiltering - skip non existing resourceDirectory /media/albert/MyDisk4/moreCodes/GitHub/JavaClean/ShopmeEcommerce/ShopmeProject/ShopmeWebParent/ShopmeBackEnd/src/test/resources
2023-01-14 16:29:57,374 [Worker-2: Building] INFO  o.e.m.c.i.l.LifecycleMappingFactory - Using org.eclipse.m2e.jdt.JarLifecycleMapping lifecycle mapping for MavenProject: com.shopme:ShopmeCommon:0.0.1-SNAPSHOT @ /media/albert/MyDisk4/moreCodes/GitHub/JavaClean/ShopmeEcommerce/ShopmeProject/ShopmeCommon/pom.xml.
2023-01-14 16:29:57,488 [Worker-2: Building] INFO  o.a.m.s.f.DefaultMavenResourcesFiltering - Copying 0 resource
2023-01-14 16:29:57,489 [Worker-2: Building] INFO  o.a.m.s.f.DefaultMavenResourcesFiltering - Copying 0 resource
2023-01-14 16:29:57,491 [Worker-2: Building] INFO  o.a.m.s.f.DefaultMavenResourcesFiltering - skip non existing resourceDirectory /media/albert/MyDisk4/moreCodes/GitHub/JavaClean/ShopmeEcommerce/ShopmeProject/ShopmeCommon/src/test/resources
2023-01-14 16:30:08,571 [Worker-1: Building] INFO  o.e.m.c.i.l.LifecycleMappingFactory - Using NULL lifecycle mapping for MavenProject: com.shopme:ShopmeWebParent:0.0.1-SNAPSHOT @ /media/albert/MyDisk4/moreCodes/GitHub/JavaClean/ShopmeEcommerce/ShopmeProject/ShopmeWebParent/pom.xml.
2023-01-14 16:30:08,642 [Worker-1: Building] INFO  o.e.m.c.i.l.LifecycleMappingFactory - Using org.eclipse.m2e.jdt.JarLifecycleMapping lifecycle mapping for MavenProject: com.shopme:ShopmeBackEnd:0.0.1-SNAPSHOT @ /media/albert/MyDisk4/moreCodes/GitHub/JavaClean/ShopmeEcommerce/ShopmeProject/ShopmeWebParent/ShopmeBackEnd/pom.xml.
2023-01-14 16:30:09,872 [Worker-1: Building] INFO  o.a.m.s.f.DefaultMavenResourcesFiltering - Copying 0 resource
2023-01-14 16:30:09,872 [Worker-1: Building] INFO  o.a.m.s.f.DefaultMavenResourcesFiltering - Copying 0 resource
2023-01-14 16:30:09,875 [Worker-1: Building] INFO  o.a.m.s.f.DefaultMavenResourcesFiltering - skip non existing resourceDirectory /media/albert/MyDisk4/moreCodes/GitHub/JavaClean/ShopmeEcommerce/ShopmeProject/ShopmeWebParent/ShopmeBackEnd/src/test/resources
2023-01-14 16:30:31,170 [Worker-9: Building] INFO  o.e.m.c.i.l.LifecycleMappingFactory - Using NULL lifecycle mapping for MavenProject: com.shopme:ShopmeWebParent:0.0.1-SNAPSHOT @ /media/albert/MyDisk4/moreCodes/GitHub/JavaClean/ShopmeEcommerce/ShopmeProject/ShopmeWebParent/pom.xml.
2023-01-14 16:30:31,227 [Worker-9: Building] INFO  o.e.m.c.i.l.LifecycleMappingFactory - Using org.eclipse.m2e.jdt.JarLifecycleMapping lifecycle mapping for MavenProject: com.shopme:ShopmeBackEnd:0.0.1-SNAPSHOT @ /media/albert/MyDisk4/moreCodes/GitHub/JavaClean/ShopmeEcommerce/ShopmeProject/ShopmeWebParent/ShopmeBackEnd/pom.xml.
2023-01-14 16:30:32,469 [Worker-0: Building] INFO  o.a.m.s.f.DefaultMavenResourcesFiltering - Copying 0 resource
2023-01-14 16:30:32,469 [Worker-0: Building] INFO  o.a.m.s.f.DefaultMavenResourcesFiltering - Copying 0 resource
2023-01-14 16:30:32,471 [Worker-0: Building] INFO  o.a.m.s.f.DefaultMavenResourcesFiltering - skip non existing resourceDirectory /media/albert/MyDisk4/moreCodes/GitHub/JavaClean/ShopmeEcommerce/ShopmeProject/ShopmeWebParent/ShopmeBackEnd/src/test/resources
2023-01-14 16:30:36,484 [Worker-5: Building] INFO  o.e.m.c.i.l.LifecycleMappingFactory - Using org.eclipse.m2e.jdt.JarLifecycleMapping lifecycle mapping for MavenProject: com.shopme:ShopmeBackEnd:0.0.1-SNAPSHOT @ /media/albert/MyDisk4/moreCodes/GitHub/JavaClean/ShopmeEcommerce/ShopmeProject/ShopmeWebParent/ShopmeBackEnd/pom.xml.
2023-01-14 16:30:36,613 [Worker-5: Building] INFO  o.a.m.s.f.DefaultMavenResourcesFiltering - Copying 0 resource
2023-01-14 16:30:36,614 [Worker-5: Building] INFO  o.a.m.s.f.DefaultMavenResourcesFiltering - Copying 0 resource
2023-01-14 16:30:36,617 [Worker-5: Building] INFO  o.a.m.s.f.DefaultMavenResourcesFiltering - skip non existing resourceDirectory /media/albert/MyDisk4/moreCodes/GitHub/JavaClean/ShopmeEcommerce/ShopmeProject/ShopmeWebParent/ShopmeBackEnd/src/test/resources
2023-01-14 16:30:44,037 [Worker-9: Building] INFO  o.e.m.c.i.l.LifecycleMappingFactory - Using org.eclipse.m2e.jdt.JarLifecycleMapping lifecycle mapping for MavenProject: com.shopme:ShopmeCommon:0.0.1-SNAPSHOT @ /media/albert/MyDisk4/moreCodes/GitHub/JavaClean/ShopmeEcommerce/ShopmeProject/ShopmeCommon/pom.xml.
2023-01-14 16:30:44,151 [Worker-9: Building] INFO  o.a.m.s.f.DefaultMavenResourcesFiltering - Copying 0 resource
2023-01-14 16:30:44,152 [Worker-9: Building] INFO  o.a.m.s.f.DefaultMavenResourcesFiltering - Copying 0 resource
2023-01-14 16:30:44,153 [Worker-9: Building] INFO  o.a.m.s.f.DefaultMavenResourcesFiltering - skip non existing resourceDirectory /media/albert/MyDisk4/moreCodes/GitHub/JavaClean/ShopmeEcommerce/ShopmeProject/ShopmeCommon/src/test/resources
2023-01-14 16:30:45,421 [Worker-9: Building] INFO  o.e.m.c.i.l.LifecycleMappingFactory - Using org.eclipse.m2e.jdt.JarLifecycleMapping lifecycle mapping for MavenProject: com.shopme:ShopmeCommon:0.0.1-SNAPSHOT @ /media/albert/MyDisk4/moreCodes/GitHub/JavaClean/ShopmeEcommerce/ShopmeProject/ShopmeCommon/pom.xml.
2023-01-14 16:30:45,620 [Worker-9: Building] INFO  o.a.m.s.f.DefaultMavenResourcesFiltering - Copying 0 resource
2023-01-14 16:30:45,620 [Worker-9: Building] INFO  o.a.m.s.f.DefaultMavenResourcesFiltering - Copying 0 resource
2023-01-14 16:30:45,624 [Worker-9: Building] INFO  o.a.m.s.f.DefaultMavenResourcesFiltering - skip non existing resourceDirectory /media/albert/MyDisk4/moreCodes/GitHub/JavaClean/ShopmeEcommerce/ShopmeProject/ShopmeCommon/src/test/resources
2023-01-14 16:30:48,700 [Worker-6: Building] INFO  o.e.m.c.i.l.LifecycleMappingFactory - Using org.eclipse.m2e.jdt.JarLifecycleMapping lifecycle mapping for MavenProject: com.shopme:ShopmeCommon:0.0.1-SNAPSHOT @ /media/albert/MyDisk4/moreCodes/GitHub/JavaClean/ShopmeEcommerce/ShopmeProject/ShopmeCommon/pom.xml.
2023-01-14 16:30:48,824 [Worker-6: Building] INFO  o.a.m.s.f.DefaultMavenResourcesFiltering - Copying 0 resource
2023-01-14 16:30:48,824 [Worker-6: Building] INFO  o.a.m.s.f.DefaultMavenResourcesFiltering - Copying 0 resource
2023-01-14 16:30:48,826 [Worker-6: Building] INFO  o.a.m.s.f.DefaultMavenResourcesFiltering - skip non existing resourceDirectory /media/albert/MyDisk4/moreCodes/GitHub/JavaClean/ShopmeEcommerce/ShopmeProject/ShopmeCommon/src/test/resources
2023-01-14 16:35:35,253 [Worker-3: Building] INFO  o.e.m.c.i.l.LifecycleMappingFactory - Using org.eclipse.m2e.jdt.JarLifecycleMapping lifecycle mapping for MavenProject: com.shopme:ShopmeBackEnd:0.0.1-SNAPSHOT @ /media/albert/MyDisk4/moreCodes/GitHub/JavaClean/ShopmeEcommerce/ShopmeProject/ShopmeWebParent/ShopmeBackEnd/pom.xml.
2023-01-14 16:35:35,439 [Worker-3: Building] INFO  o.a.m.s.f.DefaultMavenResourcesFiltering - Copying 0 resource
2023-01-14 16:35:35,439 [Worker-3: Building] INFO  o.a.m.s.f.DefaultMavenResourcesFiltering - Copying 0 resource
2023-01-14 16:35:35,443 [Worker-3: Building] INFO  o.a.m.s.f.DefaultMavenResourcesFiltering - skip non existing resourceDirectory /media/albert/MyDisk4/moreCodes/GitHub/JavaClean/ShopmeEcommerce/ShopmeProject/ShopmeWebParent/ShopmeBackEnd/src/test/resources
2023-01-14 16:35:49,392 [Worker-14: Building] INFO  o.e.m.c.i.l.LifecycleMappingFactory - Using org.eclipse.m2e.jdt.JarLifecycleMapping lifecycle mapping for MavenProject: com.shopme:ShopmeCommon:0.0.1-SNAPSHOT @ /media/albert/MyDisk4/moreCodes/GitHub/JavaClean/ShopmeEcommerce/ShopmeProject/ShopmeCommon/pom.xml.
2023-01-14 16:35:49,511 [Worker-14: Building] INFO  o.a.m.s.f.DefaultMavenResourcesFiltering - Copying 0 resource
2023-01-14 16:35:49,511 [Worker-14: Building] INFO  o.a.m.s.f.DefaultMavenResourcesFiltering - Copying 0 resource
2023-01-14 16:35:49,513 [Worker-14: Building] INFO  o.a.m.s.f.DefaultMavenResourcesFiltering - skip non existing resourceDirectory /media/albert/MyDisk4/moreCodes/GitHub/JavaClean/ShopmeEcommerce/ShopmeProject/ShopmeCommon/src/test/resources
2023-01-14 16:35:59,421 [Worker-15: Building] INFO  o.e.m.c.i.l.LifecycleMappingFactory - Using NULL lifecycle mapping for MavenProject: com.shopme:ShopmeWebParent:0.0.1-SNAPSHOT @ /media/albert/MyDisk4/moreCodes/GitHub/JavaClean/ShopmeEcommerce/ShopmeProject/ShopmeWebParent/pom.xml.
2023-01-14 16:35:59,478 [Worker-15: Building] INFO  o.e.m.c.i.l.LifecycleMappingFactory - Using org.eclipse.m2e.jdt.JarLifecycleMapping lifecycle mapping for MavenProject: com.shopme:ShopmeBackEnd:0.0.1-SNAPSHOT @ /media/albert/MyDisk4/moreCodes/GitHub/JavaClean/ShopmeEcommerce/ShopmeProject/ShopmeWebParent/ShopmeBackEnd/pom.xml.
2023-01-14 16:36:00,693 [Worker-14: Building] INFO  o.a.m.s.f.DefaultMavenResourcesFiltering - Copying 0 resource
2023-01-14 16:36:00,694 [Worker-14: Building] INFO  o.a.m.s.f.DefaultMavenResourcesFiltering - Copying 0 resource
2023-01-14 16:36:00,696 [Worker-14: Building] INFO  o.a.m.s.f.DefaultMavenResourcesFiltering - skip non existing resourceDirectory /media/albert/MyDisk4/moreCodes/GitHub/JavaClean/ShopmeEcommerce/ShopmeProject/ShopmeWebParent/ShopmeBackEnd/src/test/resources
2023-01-14 16:43:02,642 [Worker-15: Building] INFO  o.a.m.s.f.DefaultMavenResourcesFiltering - Copying 1 resource
2023-01-14 16:43:02,650 [Worker-15: Building] INFO  o.a.m.s.f.DefaultMavenResourcesFiltering - Copying 1 resource
2023-01-14 16:43:02,651 [Worker-15: Building] INFO  o.a.m.s.f.DefaultMavenResourcesFiltering - skip non existing resourceDirectory /media/albert/MyDisk4/moreCodes/GitHub/JavaClean/ShopmeEcommerce/ShopmeProject/ShopmeWebParent/ShopmeBackEnd/src/test/resources
2023-01-14 16:44:45,157 [Worker-19: Building] INFO  o.a.m.s.f.DefaultMavenResourcesFiltering - Copying 0 resource
2023-01-14 16:44:45,157 [Worker-19: Building] INFO  o.a.m.s.f.DefaultMavenResourcesFiltering - Copying 0 resource
2023-01-14 16:44:45,159 [Worker-19: Building] INFO  o.a.m.s.f.DefaultMavenResourcesFiltering - skip non existing resourceDirectory /media/albert/MyDisk4/moreCodes/GitHub/JavaClean/ShopmeEcommerce/ShopmeProject/ShopmeWebParent/ShopmeBackEnd/src/test/resources
2023-01-14 16:44:45,163 [Worker-19: Building] INFO  o.a.m.s.f.DefaultMavenResourcesFiltering - Copying 0 resource
2023-01-14 16:44:45,164 [Worker-19: Building] INFO  o.a.m.s.f.DefaultMavenResourcesFiltering - Copying 0 resource
2023-01-14 16:44:45,165 [Worker-19: Building] INFO  o.a.m.s.f.DefaultMavenResourcesFiltering - skip non existing resourceDirectory /media/albert/MyDisk4/moreCodes/GitHub/JavaClean/ShopmeEcommerce/ShopmeProject/ShopmeCommon/src/test/resources
2023-01-14 16:44:48,327 [Worker-18: Building] INFO  o.a.m.s.f.DefaultMavenResourcesFiltering - Copying 0 resource
2023-01-14 16:44:48,327 [Worker-18: Building] INFO  o.a.m.s.f.DefaultMavenResourcesFiltering - Copying 0 resource
2023-01-14 16:44:48,329 [Worker-18: Building] INFO  o.a.m.s.f.DefaultMavenResourcesFiltering - skip non existing resourceDirectory /media/albert/MyDisk4/moreCodes/GitHub/JavaClean/ShopmeEcommerce/ShopmeProject/ShopmeWebParent/ShopmeBackEnd/src/test/resources
2023-01-14 16:46:18,047 [Worker-22: Building] INFO  o.a.m.s.f.DefaultMavenResourcesFiltering - Copying 0 resource
2023-01-14 16:46:18,049 [Worker-22: Building] INFO  o.a.m.s.f.DefaultMavenResourcesFiltering - Copying 0 resource
2023-01-14 16:46:18,054 [Worker-22: Building] INFO  o.a.m.s.f.DefaultMavenResourcesFiltering - skip non existing resourceDirectory /media/albert/MyDisk4/moreCodes/GitHub/JavaClean/ShopmeEcommerce/ShopmeProject/ShopmeWebParent/ShopmeBackEnd/src/test/resources
2023-01-14 16:46:20,289 [Worker-22: Building] INFO  o.a.m.s.f.DefaultMavenResourcesFiltering - Copying 0 resource
2023-01-14 16:46:20,289 [Worker-22: Building] INFO  o.a.m.s.f.DefaultMavenResourcesFiltering - Copying 0 resource
2023-01-14 16:46:20,291 [Worker-22: Building] INFO  o.a.m.s.f.DefaultMavenResourcesFiltering - skip non existing resourceDirectory /media/albert/MyDisk4/moreCodes/GitHub/JavaClean/ShopmeEcommerce/ShopmeProject/ShopmeWebParent/ShopmeBackEnd/src/test/resources
2023-01-14 16:47:21,662 [Worker-23: Building] INFO  o.a.m.s.f.DefaultMavenResourcesFiltering - Copying 1 resource
2023-01-14 16:47:21,662 [Worker-23: Building] INFO  o.a.m.s.f.DefaultMavenResourcesFiltering - Copying 1 resource
2023-01-14 16:47:21,664 [Worker-23: Building] INFO  o.a.m.s.f.DefaultMavenResourcesFiltering - skip non existing resourceDirectory /media/albert/MyDisk4/moreCodes/GitHub/JavaClean/ShopmeEcommerce/ShopmeProject/ShopmeWebParent/ShopmeBackEnd/src/test/resources
2023-01-14 17:13:45,967 [Worker-44: Building] INFO  o.e.m.c.i.l.LifecycleMappingFactory - Using NULL lifecycle mapping for MavenProject: com.shopme:ShopmeWebParent:0.0.1-SNAPSHOT @ /media/albert/MyDisk4/moreCodes/GitHub/JavaClean/ShopmeEcommerce/ShopmeProject/ShopmeWebParent/pom.xml.
2023-01-14 17:13:46,077 [Worker-44: Building] INFO  o.e.m.c.i.l.LifecycleMappingFactory - Using org.eclipse.m2e.jdt.JarLifecycleMapping lifecycle mapping for MavenProject: com.shopme:ShopmeBackEnd:0.0.1-SNAPSHOT @ /media/albert/MyDisk4/moreCodes/GitHub/JavaClean/ShopmeEcommerce/ShopmeProject/ShopmeWebParent/ShopmeBackEnd/pom.xml.
2023-01-14 17:13:47,381 [Worker-36: Building] INFO  o.a.m.s.f.DefaultMavenResourcesFiltering - Copying 0 resource
2023-01-14 17:13:47,381 [Worker-36: Building] INFO  o.a.m.s.f.DefaultMavenResourcesFiltering - Copying 0 resource
2023-01-14 17:13:47,383 [Worker-36: Building] INFO  o.a.m.s.f.DefaultMavenResourcesFiltering - skip non existing resourceDirectory /media/albert/MyDisk4/moreCodes/GitHub/JavaClean/ShopmeEcommerce/ShopmeProject/ShopmeWebParent/ShopmeBackEnd/src/test/resources
2023-01-14 17:14:10,347 [Worker-44: Building] INFO  o.e.m.c.i.l.LifecycleMappingFactory - Using org.eclipse.m2e.jdt.JarLifecycleMapping lifecycle mapping for MavenProject: com.shopme:ShopmeBackEnd:0.0.1-SNAPSHOT @ /media/albert/MyDisk4/moreCodes/GitHub/JavaClean/ShopmeEcommerce/ShopmeProject/ShopmeWebParent/ShopmeBackEnd/pom.xml.
2023-01-14 17:14:10,462 [Worker-44: Building] INFO  o.a.m.s.f.DefaultMavenResourcesFiltering - Copying 0 resource
2023-01-14 17:14:10,463 [Worker-44: Building] INFO  o.a.m.s.f.DefaultMavenResourcesFiltering - Copying 0 resource
2023-01-14 17:14:10,481 [Worker-44: Building] INFO  o.a.m.s.f.DefaultMavenResourcesFiltering - skip non existing resourceDirectory /media/albert/MyDisk4/moreCodes/GitHub/JavaClean/ShopmeEcommerce/ShopmeProject/ShopmeWebParent/ShopmeBackEnd/src/test/resources
2023-01-14 17:14:20,905 [Worker-41: Building] INFO  o.e.m.c.i.l.LifecycleMappingFactory - Using org.eclipse.m2e.jdt.JarLifecycleMapping lifecycle mapping for MavenProject: com.shopme:ShopmeCommon:0.0.1-SNAPSHOT @ /media/albert/MyDisk4/moreCodes/GitHub/JavaClean/ShopmeEcommerce/ShopmeProject/ShopmeCommon/pom.xml.
2023-01-14 17:14:21,057 [Worker-41: Building] INFO  o.a.m.s.f.DefaultMavenResourcesFiltering - Copying 0 resource
2023-01-14 17:14:21,057 [Worker-41: Building] INFO  o.a.m.s.f.DefaultMavenResourcesFiltering - Copying 0 resource
2023-01-14 17:14:21,065 [Worker-41: Building] INFO  o.a.m.s.f.DefaultMavenResourcesFiltering - skip non existing resourceDirectory /media/albert/MyDisk4/moreCodes/GitHub/JavaClean/ShopmeEcommerce/ShopmeProject/ShopmeCommon/src/test/resources
2023-01-14 17:20:25,524 [Worker-41: Building] INFO  o.a.m.s.f.DefaultMavenResourcesFiltering - Copying 0 resource
2023-01-14 17:20:25,525 [Worker-41: Building] INFO  o.a.m.s.f.DefaultMavenResourcesFiltering - Copying 0 resource
2023-01-14 17:20:25,536 [Worker-41: Building] INFO  o.a.m.s.f.DefaultMavenResourcesFiltering - skip non existing resourceDirectory /media/albert/MyDisk4/moreCodes/GitHub/JavaClean/ShopmeEcommerce/ShopmeProject/ShopmeWebParent/ShopmeBackEnd/src/test/resources
2023-01-14 17:20:25,540 [Worker-41: Building] INFO  o.a.m.s.f.DefaultMavenResourcesFiltering - Copying 0 resource
2023-01-14 17:20:25,541 [Worker-41: Building] INFO  o.a.m.s.f.DefaultMavenResourcesFiltering - Copying 0 resource
2023-01-14 17:20:25,551 [Worker-41: Building] INFO  o.a.m.s.f.DefaultMavenResourcesFiltering - skip non existing resourceDirectory /media/albert/MyDisk4/moreCodes/GitHub/JavaClean/ShopmeEcommerce/ShopmeProject/ShopmeCommon/src/test/resources
2023-01-14 17:20:27,788 [Worker-48: Building] INFO  o.a.m.s.f.DefaultMavenResourcesFiltering - Copying 0 resource
2023-01-14 17:20:27,788 [Worker-48: Building] INFO  o.a.m.s.f.DefaultMavenResourcesFiltering - Copying 0 resource
2023-01-14 17:20:27,790 [Worker-48: Building] INFO  o.a.m.s.f.DefaultMavenResourcesFiltering - skip non existing resourceDirectory /media/albert/MyDisk4/moreCodes/GitHub/JavaClean/ShopmeEcommerce/ShopmeProject/ShopmeWebParent/ShopmeBackEnd/src/test/resources
2023-01-14 17:20:28,082 [Worker-48: Building] INFO  o.a.m.s.f.DefaultMavenResourcesFiltering - Copying 1 resource
2023-01-14 17:20:28,104 [Worker-48: Building] INFO  o.a.m.s.f.DefaultMavenResourcesFiltering - Copying 0 resource
2023-01-14 17:20:28,109 [Worker-48: Building] INFO  o.a.m.s.f.DefaultMavenResourcesFiltering - skip non existing resourceDirectory /media/albert/MyDisk4/moreCodes/GitHub/JavaClean/ShopmeEcommerce/ShopmeProject/ShopmeCommon/src/test/resources
2023-01-14 17:20:51,429 [Worker-46: Building] INFO  o.a.m.s.f.DefaultMavenResourcesFiltering - Copying 1 resource
2023-01-14 17:20:51,459 [Worker-46: Building] INFO  o.a.m.s.f.DefaultMavenResourcesFiltering - Copying 1 resource
2023-01-14 17:20:51,461 [Worker-46: Building] INFO  o.a.m.s.f.DefaultMavenResourcesFiltering - skip non existing resourceDirectory /media/albert/MyDisk4/moreCodes/GitHub/JavaClean/ShopmeEcommerce/ShopmeProject/ShopmeWebParent/ShopmeBackEnd/src/test/resources
2023-01-14 17:26:40,175 [Worker-54: Building] INFO  o.a.m.s.f.DefaultMavenResourcesFiltering - Copying 0 resource
2023-01-14 17:26:40,187 [Worker-54: Building] INFO  o.a.m.s.f.DefaultMavenResourcesFiltering - Copying 1 resource
2023-01-14 17:26:40,189 [Worker-54: Building] INFO  o.a.m.s.f.DefaultMavenResourcesFiltering - skip non existing resourceDirectory /media/albert/MyDisk4/moreCodes/GitHub/JavaClean/ShopmeEcommerce/ShopmeProject/ShopmeWebParent/ShopmeBackEnd/src/test/resources
